Línea 18: la clase ComctlLib.Toolbar del control Toolbar1 no era una clase de control cargada.
Línea 52: la clase ComctlLib.StatusBar del control Panel no era una clase de control cargada.
Línea 25: el nombre de la propiedad _ExtentX de Toolbar1 no es válido.
Línea 26: el nombre de la propiedad _ExtentY de Toolbar1 no es válido.
Línea 27: el nombre de la propiedad ButtonWidth de Toolbar1 no es válido.
Línea 28: el nombre de la propiedad ButtonHeight de Toolbar1 no es válido.
Línea 29: el nombre de la propiedad Wrappable de Toolbar1 no es válido.
Línea 31: el nombre de la propiedad _Version de Toolbar1 no es válido.
Línea 50: el nombre de la propiedad Buttons de Toolbar1 no es válido.
Línea 59: el nombre de la propiedad _ExtentX de Panel no es válido.
Línea 60: el nombre de la propiedad _ExtentY de Panel no es válido.
Línea 61: el nombre de la propiedad SimpleText de Panel no es válido.
Línea 62: el nombre de la propiedad _Version de Panel no es válido.
Línea 105: el nombre de la propiedad Panels de Panel no es válido.
Línea 25: el nombre de la propiedad _ExtentX de Toolbar1 no es válido.
Línea 26: el nombre de la propiedad _ExtentY de Toolbar1 no es válido.
Línea 27: el nombre de la propiedad ButtonWidth de Toolbar1 no es válido.
Línea 28: el nombre de la propiedad ButtonHeight de Toolbar1 no es válido.
Línea 29: el nombre de la propiedad Wrappable de Toolbar1 no es válido.
Línea 31: el nombre de la propiedad _Version de Toolbar1 no es válido.
Línea 50: el nombre de la propiedad Buttons de Toolbar1 no es válido.
Línea 59: el nombre de la propiedad _ExtentX de Panel no es válido.
Línea 60: el nombre de la propiedad _ExtentY de Panel no es válido.
Línea 61: el nombre de la propiedad SimpleText de Panel no es válido.
Línea 62: el nombre de la propiedad _Version de Panel no es válido.
Línea 105: el nombre de la propiedad Panels de Panel no es válido.
Línea 25: el nombre de la propiedad _ExtentX de Toolbar1 no es válido.
Línea 26: el nombre de la propiedad _ExtentY de Toolbar1 no es válido.
Línea 27: el nombre de la propiedad ButtonWidth de Toolbar1 no es válido.
Línea 28: el nombre de la propiedad ButtonHeight de Toolbar1 no es válido.
Línea 29: el nombre de la propiedad Wrappable de Toolbar1 no es válido.
Línea 31: el nombre de la propiedad _Version de Toolbar1 no es válido.
Línea 50: el nombre de la propiedad Buttons de Toolbar1 no es válido.
Línea 59: el nombre de la propiedad _ExtentX de Panel no es válido.
Línea 60: el nombre de la propiedad _ExtentY de Panel no es válido.
Línea 61: el nombre de la propiedad SimpleText de Panel no es válido.
Línea 62: el nombre de la propiedad _Version de Panel no es válido.
Línea 105: el nombre de la propiedad Panels de Panel no es válido.
