Línea 18: la clase TextFer.TxFer del control txtBuscar no era una clase de control cargada.
Línea 66: la clase TextFer.TxFer del control txt no era una clase de control cargada.
Línea 94: la clase TextFer.TxFer del control txt no era una clase de control cargada.
Línea 122: la clase TextFer.TxFer del control txt no era una clase de control cargada.
Línea 150: la clase TextFer.TxFer del control txt no era una clase de control cargada.
Línea 245: la clase TrueOleDBGrid70.TDBGrid del control TDBGrid1 no era una clase de control cargada.
Línea 24: el nombre de la propiedad _ExtentX de txtBuscar no es válido.
Línea 25: el nombre de la propiedad _ExtentY de txtBuscar no es válido.
Línea 26: el nombre de la propiedad Object.CausesValidation de txtBuscar no es válido.
Línea 36: el nombre de la propiedad Text de txtBuscar no es válido.
Línea 37: el nombre de la propiedad ColorIlumina de txtBuscar no es válido.
Línea 38: el nombre de la propiedad Valor de txtBuscar no es válido.
Línea 39: el nombre de la propiedad NoCaracteres de txtBuscar no es válido.
Línea 73: el nombre de la propiedad _ExtentX de txt no es válido.
Línea 74: el nombre de la propiedad _ExtentY de txt no es válido.
Línea 75: el nombre de la propiedad Object.CausesValidation de txt no es válido.
Línea 85: el nombre de la propiedad Text de txt no es válido.
Línea 86: el nombre de la propiedad ColorIlumina de txt no es válido.
Línea 87: el nombre de la propiedad SaltarAlEnter de txt no es válido.
Línea 88: el nombre de la propiedad Valor de txt no es válido.
Línea 89: el nombre de la propiedad TipoDato de txt no es válido.
Línea 90: el nombre de la propiedad NumeroDecimales de txt no es válido.
Línea 91: el nombre de la propiedad SignoNegativo de txt no es válido.
Línea 92: el nombre de la propiedad MarcarTextoAlEnfoque de txt no es válido.
Línea 101: el nombre de la propiedad _ExtentX de txt no es válido.
Línea 102: el nombre de la propiedad _ExtentY de txt no es válido.
Línea 103: el nombre de la propiedad Object.CausesValidation de txt no es válido.
Línea 113: el nombre de la propiedad Text de txt no es válido.
Línea 114: el nombre de la propiedad ColorIlumina de txt no es válido.
Línea 115: el nombre de la propiedad SaltarAlEnter de txt no es válido.
Línea 116: el nombre de la propiedad Valor de txt no es válido.
Línea 117: el nombre de la propiedad TipoDato de txt no es válido.
Línea 118: el nombre de la propiedad NumeroDecimales de txt no es válido.
Línea 119: el nombre de la propiedad SignoNegativo de txt no es válido.
Línea 120: el nombre de la propiedad MarcarTextoAlEnfoque de txt no es válido.
Línea 129: el nombre de la propiedad _ExtentX de txt no es válido.
Línea 130: el nombre de la propiedad _ExtentY de txt no es válido.
Línea 131: el nombre de la propiedad Object.CausesValidation de txt no es válido.
Línea 141: el nombre de la propiedad Text de txt no es válido.
Línea 142: el nombre de la propiedad ColorIlumina de txt no es válido.
Línea 143: el nombre de la propiedad SaltarAlEnter de txt no es válido.
Línea 144: el nombre de la propiedad Valor de txt no es válido.
Línea 145: el nombre de la propiedad TipoDato de txt no es válido.
Línea 146: el nombre de la propiedad NumeroDecimales de txt no es válido.
Línea 147: el nombre de la propiedad SignoNegativo de txt no es válido.
Línea 148: el nombre de la propiedad MarcarTextoAlEnfoque de txt no es válido.
Línea 157: el nombre de la propiedad _ExtentX de txt no es válido.
Línea 158: el nombre de la propiedad _ExtentY de txt no es válido.
Línea 159: el nombre de la propiedad Object.CausesValidation de txt no es válido.
Línea 169: el nombre de la propiedad Text de txt no es válido.
Línea 170: el nombre de la propiedad ColorIlumina de txt no es válido.
Línea 171: el nombre de la propiedad SaltarAlEnter de txt no es válido.
Línea 172: el nombre de la propiedad Valor de txt no es válido.
Línea 173: el nombre de la propiedad TipoDato de txt no es válido.
Línea 174: el nombre de la propiedad NumeroDecimales de txt no es válido.
Línea 175: el nombre de la propiedad SignoNegativo de txt no es válido.
Línea 176: el nombre de la propiedad MarcarTextoAlEnfoque de txt no es válido.
Línea 251: el nombre de la propiedad _ExtentX de TDBGrid1 no es válido.
Línea 252: el nombre de la propiedad _ExtentY de TDBGrid1 no es válido.
Línea 253: el nombre de la propiedad _LayoutType de TDBGrid1 no es válido.
Línea 254: el nombre de la propiedad _RowHeight de TDBGrid1 no es válido.
Línea 255: el nombre de la propiedad _WasPersistedAsPixels de TDBGrid1 no es válido.
Línea 256: el nombre de la propiedad Columns(0)._VlistStyle de TDBGrid1 no es válido.
Línea 257: el nombre de la propiedad Columns(0)._MaxComboItems de TDBGrid1 no es válido.
Línea 258: el nombre de la propiedad Columns(0).Caption de TDBGrid1 no es válido.
Línea 259: el nombre de la propiedad Columns(0).DataField de TDBGrid1 no es válido.
Línea 260: el nombre de la propiedad Columns(0).DataWidth de TDBGrid1 no es válido.
Línea 261: el nombre de la propiedad Columns(0)._PropDict de TDBGrid1 no es válido.
Línea 262: el nombre de la propiedad Columns(1)._VlistStyle de TDBGrid1 no es válido.
Línea 263: el nombre de la propiedad Columns(1)._MaxComboItems de TDBGrid1 no es válido.
Línea 264: el nombre de la propiedad Columns(1).Caption de TDBGrid1 no es válido.
Línea 265: el nombre de la propiedad Columns(1).DataField de TDBGrid1 no es válido.
Línea 266: el nombre de la propiedad Columns(1).DataWidth de TDBGrid1 no es válido.
Línea 267: el nombre de la propiedad Columns(1)._PropDict de TDBGrid1 no es válido.
Línea 268: el nombre de la propiedad Columns.Count de TDBGrid1 no es válido.
Línea 269: el nombre de la propiedad Splits(0)._UserFlags de TDBGrid1 no es válido.
Línea 270: el nombre de la propiedad Splits(0).RecordSelectorWidth de TDBGrid1 no es válido.
Línea 271: el nombre de la propiedad Splits(0)._SavedRecordSelectors de TDBGrid1 no es válido.
Línea 272: el nombre de la propiedad Splits(0).DividerColor de TDBGrid1 no es válido.
Línea 273: el nombre de la propiedad Splits(0).SpringMode de TDBGrid1 no es válido.
Línea 274: el nombre de la propiedad Splits(0)._PropDict de TDBGrid1 no es válido.
Línea 275: el nombre de la propiedad Splits(0)._ColumnProps(0) de TDBGrid1 no es válido.
Línea 276: el nombre de la propiedad Splits(0)._ColumnProps(1) de TDBGrid1 no es válido.
Línea 277: el nombre de la propiedad Splits(0)._ColumnProps(2) de TDBGrid1 no es válido.
Línea 278: el nombre de la propiedad Splits(0)._ColumnProps(3) de TDBGrid1 no es válido.
Línea 279: el nombre de la propiedad Splits(0)._ColumnProps(4) de TDBGrid1 no es válido.
Línea 280: el nombre de la propiedad Splits(0)._ColumnProps(5) de TDBGrid1 no es válido.
Línea 281: el nombre de la propiedad Splits(0)._ColumnProps(6) de TDBGrid1 no es válido.
Línea 282: el nombre de la propiedad Splits(0)._ColumnProps(7) de TDBGrid1 no es válido.
Línea 283: el nombre de la propiedad Splits(0)._ColumnProps(8) de TDBGrid1 no es válido.
Línea 284: el nombre de la propiedad Splits.Count de TDBGrid1 no es válido.
Línea 285: el nombre de la propiedad PrintInfos(0)._StateFlags de TDBGrid1 no es válido.
Línea 286: el nombre de la propiedad PrintInfos(0).Name de TDBGrid1 no es válido.
Línea 287: el nombre de la propiedad PrintInfos(0).PageHeaderFont de TDBGrid1 no es válido.
Línea 288: el nombre de la propiedad PrintInfos(0).PageFooterFont de TDBGrid1 no es válido.
Línea 289: el nombre de la propiedad PrintInfos(0).PageHeaderHeight de TDBGrid1 no es válido.
Línea 290: el nombre de la propiedad PrintInfos(0).PageFooterHeight de TDBGrid1 no es válido.
Línea 291: el nombre de la propiedad PrintInfos.Count de TDBGrid1 no es válido.
Línea 292: el nombre de la propiedad DefColWidth de TDBGrid1 no es válido.
Línea 293: el nombre de la propiedad HeadLines de TDBGrid1 no es válido.
Línea 294: el nombre de la propiedad FootLines de TDBGrid1 no es válido.
Línea 295: el nombre de la propiedad MultipleLines de TDBGrid1 no es válido.
Línea 296: el nombre de la propiedad CellTipsWidth de TDBGrid1 no es válido.
Línea 297: el nombre de la propiedad MultiSelect de TDBGrid1 no es válido.
Línea 298: el nombre de la propiedad DeadAreaBackColor de TDBGrid1 no es válido.
Línea 299: el nombre de la propiedad RowDividerColor de TDBGrid1 no es válido.
Línea 300: el nombre de la propiedad RowSubDividerColor de TDBGrid1 no es válido.
Línea 301: el nombre de la propiedad DirectionAfterEnter de TDBGrid1 no es válido.
Línea 302: el nombre de la propiedad MaxRows de TDBGrid1 no es válido.
Línea 303: el nombre de la propiedad ViewColumnCaptionWidth de TDBGrid1 no es válido.
Línea 304: el nombre de la propiedad ViewColumnWidth de TDBGrid1 no es válido.
Línea 305: el nombre de la propiedad _PropDict de TDBGrid1 no es válido.
Línea 306: el nombre de la propiedad _StyleDefs(0) de TDBGrid1 no es válido.
Línea 307: el nombre de la propiedad _StyleDefs(1) de TDBGrid1 no es válido.
Línea 308: el nombre de la propiedad _StyleDefs(2) de TDBGrid1 no es válido.
Línea 309: el nombre de la propiedad _StyleDefs(3) de TDBGrid1 no es válido.
Línea 310: el nombre de la propiedad _StyleDefs(4) de TDBGrid1 no es válido.
Línea 311: el nombre de la propiedad _StyleDefs(5) de TDBGrid1 no es válido.
Línea 312: el nombre de la propiedad _StyleDefs(6) de TDBGrid1 no es válido.
Línea 313: el nombre de la propiedad _StyleDefs(7) de TDBGrid1 no es válido.
Línea 314: el nombre de la propiedad _StyleDefs(8) de TDBGrid1 no es válido.
Línea 315: el nombre de la propiedad _StyleDefs(9) de TDBGrid1 no es válido.
Línea 316: el nombre de la propiedad _StyleDefs(10) de TDBGrid1 no es válido.
Línea 317: el nombre de la propiedad _StyleDefs(11) de TDBGrid1 no es válido.
Línea 318: el nombre de la propiedad _StyleDefs(12) de TDBGrid1 no es válido.
Línea 319: el nombre de la propiedad _StyleDefs(13) de TDBGrid1 no es válido.
Línea 320: el nombre de la propiedad _StyleDefs(14) de TDBGrid1 no es válido.
Línea 321: el nombre de la propiedad _StyleDefs(15) de TDBGrid1 no es válido.
Línea 322: el nombre de la propiedad _StyleDefs(16) de TDBGrid1 no es válido.
Línea 323: el nombre de la propiedad _StyleDefs(17) de TDBGrid1 no es válido.
Línea 324: el nombre de la propiedad _StyleDefs(18) de TDBGrid1 no es válido.
Línea 325: el nombre de la propiedad _StyleDefs(19) de TDBGrid1 no es válido.
Línea 326: el nombre de la propiedad _StyleDefs(20) de TDBGrid1 no es válido.
Línea 327: el nombre de la propiedad _StyleDefs(21) de TDBGrid1 no es válido.
Línea 328: el nombre de la propiedad _StyleDefs(22) de TDBGrid1 no es válido.
Línea 329: el nombre de la propiedad _StyleDefs(23) de TDBGrid1 no es válido.
Línea 330: el nombre de la propiedad _StyleDefs(24) de TDBGrid1 no es válido.
Línea 331: el nombre de la propiedad _StyleDefs(25) de TDBGrid1 no es válido.
Línea 332: el nombre de la propiedad _StyleDefs(26) de TDBGrid1 no es válido.
Línea 333: el nombre de la propiedad _StyleDefs(27) de TDBGrid1 no es válido.
Línea 334: el nombre de la propiedad _StyleDefs(28) de TDBGrid1 no es válido.
Línea 335: el nombre de la propiedad _StyleDefs(29) de TDBGrid1 no es válido.
Línea 336: el nombre de la propiedad _StyleDefs(30) de TDBGrid1 no es válido.
Línea 337: el nombre de la propiedad _StyleDefs(31) de TDBGrid1 no es válido.
Línea 338: el nombre de la propiedad _StyleDefs(32) de TDBGrid1 no es válido.
Línea 339: el nombre de la propiedad _StyleDefs(33) de TDBGrid1 no es válido.
Línea 340: el nombre de la propiedad _StyleDefs(34) de TDBGrid1 no es válido.
Línea 341: el nombre de la propiedad _StyleDefs(35) de TDBGrid1 no es válido.
Línea 342: el nombre de la propiedad _StyleDefs(36) de TDBGrid1 no es válido.
Línea 343: el nombre de la propiedad _StyleDefs(37) de TDBGrid1 no es válido.
Línea 344: el nombre de la propiedad _StyleDefs(38) de TDBGrid1 no es válido.
Línea 345: el nombre de la propiedad _StyleDefs(39) de TDBGrid1 no es válido.
Línea 346: el nombre de la propiedad _StyleDefs(40) de TDBGrid1 no es válido.
Línea 347: el nombre de la propiedad _StyleDefs(41) de TDBGrid1 no es válido.
Línea 348: el nombre de la propiedad _StyleDefs(42) de TDBGrid1 no es válido.
Línea 349: el nombre de la propiedad _StyleDefs(43) de TDBGrid1 no es válido.
Línea 350: el nombre de la propiedad _StyleDefs(44) de TDBGrid1 no es válido.
Línea 351: el nombre de la propiedad _StyleDefs(45) de TDBGrid1 no es válido.
Línea 352: el nombre de la propiedad _StyleDefs(46) de TDBGrid1 no es válido.
Línea 353: el nombre de la propiedad _StyleDefs(47) de TDBGrid1 no es válido.
Línea 354: el nombre de la propiedad _StyleDefs(48) de TDBGrid1 no es válido.
Línea 355: el nombre de la propiedad _StyleDefs(49) de TDBGrid1 no es válido.
Línea 356: el nombre de la propiedad _StyleDefs(50) de TDBGrid1 no es válido.
Línea 357: el nombre de la propiedad _StyleDefs(51) de TDBGrid1 no es válido.
Línea 358: el nombre de la propiedad _StyleDefs(52) de TDBGrid1 no es válido.
Línea 359: el nombre de la propiedad _StyleDefs(53) de TDBGrid1 no es válido.
Línea 360: el nombre de la propiedad _StyleDefs(54) de TDBGrid1 no es válido.
Línea 361: el nombre de la propiedad _StyleDefs(55) de TDBGrid1 no es válido.
Línea 362: el nombre de la propiedad _StyleDefs(56) de TDBGrid1 no es válido.
Línea 363: el nombre de la propiedad _StyleDefs(57) de TDBGrid1 no es válido.
Línea 364: el nombre de la propiedad _StyleDefs(58) de TDBGrid1 no es válido.
Línea 365: el nombre de la propiedad _StyleDefs(59) de TDBGrid1 no es válido.
Línea 366: el nombre de la propiedad _StyleDefs(60) de TDBGrid1 no es válido.
Línea 367: el nombre de la propiedad _StyleDefs(61) de TDBGrid1 no es válido.
Línea 368: el nombre de la propiedad _StyleDefs(62) de TDBGrid1 no es válido.
Línea 369: el nombre de la propiedad _StyleDefs(63) de TDBGrid1 no es válido.
Línea 370: el nombre de la propiedad _StyleDefs(64) de TDBGrid1 no es válido.
Línea 371: el nombre de la propiedad _StyleDefs(65) de TDBGrid1 no es válido.
Línea 372: el nombre de la propiedad _StyleDefs(66) de TDBGrid1 no es válido.
