Línea 121: la clase TabDlg.SSTab del control SSTab1 no era una clase de control cargada.
Línea 798: la clase TrueOleDBGrid70.TDBGrid del control TDBGrid1 no era una clase de control cargada.
Línea 127: el nombre de la propiedad _ExtentX de SSTab1 no es válido.
Línea 128: el nombre de la propiedad _ExtentY de SSTab1 no es válido.
Línea 129: el nombre de la propiedad _Version de SSTab1 no es válido.
Línea 130: el nombre de la propiedad Tabs de SSTab1 no es válido.
Línea 131: el nombre de la propiedad TabsPerRow de SSTab1 no es válido.
Línea 132: el nombre de la propiedad TabHeight de SSTab1 no es válido.
Línea 142: el nombre de la propiedad TabCaption(0) de SSTab1 no es válido.
Línea 143: el nombre de la propiedad TabPicture(0) de SSTab1 no es válido.
Línea 144: el nombre de la propiedad Tab(0).ControlEnabled de SSTab1 no es válido.
Línea 145: el nombre de la propiedad Tab(0).Control(0) de SSTab1 no es válido.
Línea 146: el nombre de la propiedad Tab(0).Control(0).Enabled de SSTab1 no es válido.
Línea 147: el nombre de la propiedad Tab(0).ControlCount de SSTab1 no es válido.
Línea 148: el nombre de la propiedad TabCaption(1) de SSTab1 no es válido.
Línea 149: el nombre de la propiedad TabPicture(1) de SSTab1 no es válido.
Línea 150: el nombre de la propiedad Tab(1).ControlEnabled de SSTab1 no es válido.
Línea 151: el nombre de la propiedad Tab(1).Control(0) de SSTab1 no es válido.
Línea 152: el nombre de la propiedad Tab(1).Control(1) de SSTab1 no es válido.
Línea 153: el nombre de la propiedad Tab(1).Control(2) de SSTab1 no es válido.
Línea 154: el nombre de la propiedad Tab(1).Control(3) de SSTab1 no es válido.
Línea 155: el nombre de la propiedad Tab(1).ControlCount de SSTab1 no es válido.
Línea 804: el nombre de la propiedad _ExtentX de TDBGrid1 no es válido.
Línea 805: el nombre de la propiedad _ExtentY de TDBGrid1 no es válido.
Línea 806: el nombre de la propiedad _LayoutType de TDBGrid1 no es válido.
Línea 807: el nombre de la propiedad _RowHeight de TDBGrid1 no es válido.
Línea 808: el nombre de la propiedad _WasPersistedAsPixels de TDBGrid1 no es válido.
Línea 809: el nombre de la propiedad Columns(0)._VlistStyle de TDBGrid1 no es válido.
Línea 810: el nombre de la propiedad Columns(0)._MaxComboItems de TDBGrid1 no es válido.
Línea 811: el nombre de la propiedad Columns(0).DataField de TDBGrid1 no es válido.
Línea 812: el nombre de la propiedad Columns(0)._PropDict de TDBGrid1 no es válido.
Línea 813: el nombre de la propiedad Columns(1)._VlistStyle de TDBGrid1 no es válido.
Línea 814: el nombre de la propiedad Columns(1)._MaxComboItems de TDBGrid1 no es válido.
Línea 815: el nombre de la propiedad Columns(1).DataField de TDBGrid1 no es válido.
Línea 816: el nombre de la propiedad Columns(1)._PropDict de TDBGrid1 no es válido.
Línea 817: el nombre de la propiedad Columns.Count de TDBGrid1 no es válido.
Línea 818: el nombre de la propiedad Splits(0)._UserFlags de TDBGrid1 no es válido.
Línea 819: el nombre de la propiedad Splits(0).MarqueeStyle de TDBGrid1 no es válido.
Línea 820: el nombre de la propiedad Splits(0).RecordSelectorWidth de TDBGrid1 no es válido.
Línea 821: el nombre de la propiedad Splits(0)._SavedRecordSelectors de TDBGrid1 no es válido.
Línea 822: el nombre de la propiedad Splits(0).DividerColor de TDBGrid1 no es válido.
Línea 823: el nombre de la propiedad Splits(0).SpringMode de TDBGrid1 no es válido.
Línea 824: el nombre de la propiedad Splits(0)._PropDict de TDBGrid1 no es válido.
Línea 825: el nombre de la propiedad Splits(0)._ColumnProps(0) de TDBGrid1 no es válido.
Línea 826: el nombre de la propiedad Splits(0)._ColumnProps(1) de TDBGrid1 no es válido.
Línea 827: el nombre de la propiedad Splits(0)._ColumnProps(2) de TDBGrid1 no es válido.
Línea 828: el nombre de la propiedad Splits(0)._ColumnProps(3) de TDBGrid1 no es válido.
Línea 829: el nombre de la propiedad Splits(0)._ColumnProps(4) de TDBGrid1 no es válido.
Línea 830: el nombre de la propiedad Splits(0)._ColumnProps(5) de TDBGrid1 no es válido.
Línea 831: el nombre de la propiedad Splits(0)._ColumnProps(6) de TDBGrid1 no es válido.
Línea 832: el nombre de la propiedad Splits(0)._ColumnProps(7) de TDBGrid1 no es válido.
Línea 833: el nombre de la propiedad Splits(0)._ColumnProps(8) de TDBGrid1 no es válido.
Línea 834: el nombre de la propiedad Splits(0)._ColumnProps(9) de TDBGrid1 no es válido.
Línea 835: el nombre de la propiedad Splits(0)._ColumnProps(10) de TDBGrid1 no es válido.
Línea 836: el nombre de la propiedad Splits.Count de TDBGrid1 no es válido.
Línea 837: el nombre de la propiedad PrintInfos(0)._StateFlags de TDBGrid1 no es válido.
Línea 838: el nombre de la propiedad PrintInfos(0).Name de TDBGrid1 no es válido.
Línea 839: el nombre de la propiedad PrintInfos(0).PageHeaderFont de TDBGrid1 no es válido.
Línea 840: el nombre de la propiedad PrintInfos(0).PageFooterFont de TDBGrid1 no es válido.
Línea 841: el nombre de la propiedad PrintInfos(0).PageHeaderHeight de TDBGrid1 no es válido.
Línea 842: el nombre de la propiedad PrintInfos(0).PageFooterHeight de TDBGrid1 no es válido.
Línea 843: el nombre de la propiedad PrintInfos.Count de TDBGrid1 no es válido.
Línea 844: el nombre de la propiedad DefColWidth de TDBGrid1 no es válido.
Línea 845: el nombre de la propiedad HeadLines de TDBGrid1 no es válido.
Línea 846: el nombre de la propiedad FootLines de TDBGrid1 no es válido.
Línea 847: el nombre de la propiedad MultipleLines de TDBGrid1 no es válido.
Línea 848: el nombre de la propiedad CellTipsWidth de TDBGrid1 no es válido.
Línea 849: el nombre de la propiedad DeadAreaBackColor de TDBGrid1 no es válido.
Línea 850: el nombre de la propiedad RowDividerColor de TDBGrid1 no es válido.
Línea 851: el nombre de la propiedad RowSubDividerColor de TDBGrid1 no es válido.
Línea 852: el nombre de la propiedad DirectionAfterEnter de TDBGrid1 no es válido.
Línea 853: el nombre de la propiedad MaxRows de TDBGrid1 no es válido.
Línea 854: el nombre de la propiedad ViewColumnCaptionWidth de TDBGrid1 no es válido.
Línea 855: el nombre de la propiedad ViewColumnWidth de TDBGrid1 no es válido.
Línea 856: el nombre de la propiedad _PropDict de TDBGrid1 no es válido.
Línea 857: el nombre de la propiedad _StyleDefs(0) de TDBGrid1 no es válido.
Línea 858: el nombre de la propiedad _StyleDefs(1) de TDBGrid1 no es válido.
Línea 859: el nombre de la propiedad _StyleDefs(2) de TDBGrid1 no es válido.
Línea 860: el nombre de la propiedad _StyleDefs(3) de TDBGrid1 no es válido.
Línea 861: el nombre de la propiedad _StyleDefs(4) de TDBGrid1 no es válido.
Línea 862: el nombre de la propiedad _StyleDefs(5) de TDBGrid1 no es válido.
Línea 863: el nombre de la propiedad _StyleDefs(6) de TDBGrid1 no es válido.
Línea 864: el nombre de la propiedad _StyleDefs(7) de TDBGrid1 no es válido.
Línea 865: el nombre de la propiedad _StyleDefs(8) de TDBGrid1 no es válido.
Línea 866: el nombre de la propiedad _StyleDefs(9) de TDBGrid1 no es válido.
Línea 867: el nombre de la propiedad _StyleDefs(10) de TDBGrid1 no es válido.
Línea 868: el nombre de la propiedad _StyleDefs(11) de TDBGrid1 no es válido.
Línea 869: el nombre de la propiedad _StyleDefs(12) de TDBGrid1 no es válido.
Línea 870: el nombre de la propiedad _StyleDefs(13) de TDBGrid1 no es válido.
Línea 871: el nombre de la propiedad _StyleDefs(14) de TDBGrid1 no es válido.
Línea 872: el nombre de la propiedad _StyleDefs(15) de TDBGrid1 no es válido.
Línea 873: el nombre de la propiedad _StyleDefs(16) de TDBGrid1 no es válido.
Línea 874: el nombre de la propiedad _StyleDefs(17) de TDBGrid1 no es válido.
Línea 875: el nombre de la propiedad _StyleDefs(18) de TDBGrid1 no es válido.
Línea 876: el nombre de la propiedad _StyleDefs(19) de TDBGrid1 no es válido.
Línea 877: el nombre de la propiedad _StyleDefs(20) de TDBGrid1 no es válido.
Línea 878: el nombre de la propiedad _StyleDefs(21) de TDBGrid1 no es válido.
Línea 879: el nombre de la propiedad _StyleDefs(22) de TDBGrid1 no es válido.
Línea 880: el nombre de la propiedad _StyleDefs(23) de TDBGrid1 no es válido.
Línea 881: el nombre de la propiedad _StyleDefs(24) de TDBGrid1 no es válido.
Línea 882: el nombre de la propiedad _StyleDefs(25) de TDBGrid1 no es válido.
Línea 883: el nombre de la propiedad _StyleDefs(26) de TDBGrid1 no es válido.
Línea 884: el nombre de la propiedad _StyleDefs(27) de TDBGrid1 no es válido.
Línea 885: el nombre de la propiedad _StyleDefs(28) de TDBGrid1 no es válido.
Línea 886: el nombre de la propiedad _StyleDefs(29) de TDBGrid1 no es válido.
Línea 887: el nombre de la propiedad _StyleDefs(30) de TDBGrid1 no es válido.
Línea 888: el nombre de la propiedad _StyleDefs(31) de TDBGrid1 no es válido.
Línea 889: el nombre de la propiedad _StyleDefs(32) de TDBGrid1 no es válido.
Línea 890: el nombre de la propiedad _StyleDefs(33) de TDBGrid1 no es válido.
Línea 891: el nombre de la propiedad _StyleDefs(34) de TDBGrid1 no es válido.
Línea 892: el nombre de la propiedad _StyleDefs(35) de TDBGrid1 no es válido.
Línea 893: el nombre de la propiedad _StyleDefs(36) de TDBGrid1 no es válido.
Línea 894: el nombre de la propiedad _StyleDefs(37) de TDBGrid1 no es válido.
Línea 895: el nombre de la propiedad _StyleDefs(38) de TDBGrid1 no es válido.
Línea 896: el nombre de la propiedad _StyleDefs(39) de TDBGrid1 no es válido.
Línea 897: el nombre de la propiedad _StyleDefs(40) de TDBGrid1 no es válido.
Línea 898: el nombre de la propiedad _StyleDefs(41) de TDBGrid1 no es válido.
Línea 899: el nombre de la propiedad _StyleDefs(42) de TDBGrid1 no es válido.
Línea 900: el nombre de la propiedad _StyleDefs(43) de TDBGrid1 no es válido.
Línea 901: el nombre de la propiedad _StyleDefs(44) de TDBGrid1 no es válido.
Línea 902: el nombre de la propiedad _StyleDefs(45) de TDBGrid1 no es válido.
Línea 903: el nombre de la propiedad _StyleDefs(46) de TDBGrid1 no es válido.
Línea 904: el nombre de la propiedad _StyleDefs(47) de TDBGrid1 no es válido.
Línea 905: el nombre de la propiedad _StyleDefs(48) de TDBGrid1 no es válido.
Línea 906: el nombre de la propiedad _StyleDefs(49) de TDBGrid1 no es válido.
Línea 907: el nombre de la propiedad _StyleDefs(50) de TDBGrid1 no es válido.
Línea 908: el nombre de la propiedad _StyleDefs(51) de TDBGrid1 no es válido.
Línea 909: el nombre de la propiedad _StyleDefs(52) de TDBGrid1 no es válido.
Línea 910: el nombre de la propiedad _StyleDefs(53) de TDBGrid1 no es válido.
Línea 911: el nombre de la propiedad _StyleDefs(54) de TDBGrid1 no es válido.
Línea 912: el nombre de la propiedad _StyleDefs(55) de TDBGrid1 no es válido.
Línea 913: el nombre de la propiedad _StyleDefs(56) de TDBGrid1 no es válido.
Línea 914: el nombre de la propiedad _StyleDefs(57) de TDBGrid1 no es válido.
Línea 915: el nombre de la propiedad _StyleDefs(58) de TDBGrid1 no es válido.
Línea 916: el nombre de la propiedad _StyleDefs(59) de TDBGrid1 no es válido.
Línea 917: el nombre de la propiedad _StyleDefs(60) de TDBGrid1 no es válido.
Línea 918: el nombre de la propiedad _StyleDefs(61) de TDBGrid1 no es válido.
Línea 919: el nombre de la propiedad _StyleDefs(62) de TDBGrid1 no es válido.
Línea 920: el nombre de la propiedad _StyleDefs(63) de TDBGrid1 no es válido.
Línea 921: el nombre de la propiedad _StyleDefs(64) de TDBGrid1 no es válido.
