06/22/12, 10:54:41, 4, 0, :Invalid file handle.
06/22/12, 11:19:13, 4, 0, :Invalid file handle.
06/22/12, 11:19:16, 4, 0, :Invalid file handle.
06/22/12, 12:01:41, 4, 0, :Invalid file handle.
06/22/12, 12:01:44, 4, 0, :Invalid file handle.
06/22/12, 12:10:43, 4, 0, :Invalid file handle.
06/22/12, 12:10:44, 4, 0, :Invalid file handle.
06/22/12, 12:11:24, 4, 0, :Invalid file handle.
06/22/12, 12:11:25, 4, 0, :Invalid file handle.
06/22/12, 12:19:48, 4, 0, :Invalid file handle.
06/22/12, 12:19:51, 4, 0, :Invalid file handle.
06/22/12, 12:22:59, 4, 0, :Invalid file handle.
06/22/12, 12:23:00, 4, 0, :Invalid file handle.
06/22/12, 12:23:41, 4, 0, :Invalid file handle.
06/22/12, 12:23:42, 4, 0, :Invalid file handle.
06/22/12, 12:24:12, 4, 0, :Invalid file handle.
06/22/12, 12:24:14, 4, 0, :Invalid file handle.
06/22/12, 12:24:39, 4, 0, :Invalid file handle.
06/22/12, 12:24:41, 4, 0, :Invalid file handle.
06/22/12, 12:24:54, 4, 0, :Invalid file handle.
06/22/12, 12:24:56, 4, 0, :Invalid file handle.
06/22/12, 12:25:09, 4, 0, :Invalid file handle.
06/22/12, 12:25:11, 4, 0, :Invalid file handle.
22/06/2012, 12:26:47 p.m., 4, 0, :Invalid file handle.
06/22/12, 19:23:21, 4, 0, :Invalid file handle.
06/22/12, 19:25:26, 4, 0, :Invalid file handle.
06/22/12, 19:25:28, 4, 0, :Invalid file handle.
06/22/12, 19:30:00, 4, 0, :Invalid file handle.
06/22/12, 19:30:31, 4, 0, :Invalid file handle.
06/22/12, 19:32:04, 4, 0, :Invalid file handle.
06/22/12, 19:32:24, 4, 0, :Invalid file handle.
06/22/12, 19:35:55, 4, 0, :Invalid file handle.
09/13/12, 10:08:15, 4, 0, :Invalid directory.
09/13/12, 10:10:22, 4, 0, C:\reports\plantacasma\CONTABILIDAD\rptLibroDiarioDetallado.rpt:Server has not yet been opened.
09/13/12, 16:49:36, 4, 0, :Invalid directory.
09/13/12, 16:51:06, 4, 0, C:\reports\plantacasma\CONTABILIDAD\ct_CtacteAnalitico2.rpt:Server has not yet been opened.
09/13/12, 16:54:16, 4, 0, :Invalid directory.
09/13/12, 16:54:40, 4, 0, :Invalid directory.
09/13/12, 16:57:49, 4, 0, :Invalid directory.
09/13/12, 17:00:43, 4, 0, :Invalid file handle.
09/13/12, 17:01:11, 4, 0, :Invalid file handle.
09/13/12, 17:06:18, 4, 0, :Invalid file handle.
09/13/12, 17:16:42, 4, 0, :Invalid file handle.
09/14/12, 10:52:38, 4, 0, :File not found.
09/14/12, 10:52:38, 4, 0, :File not found.
09/14/12, 10:52:38, 4, 0, :Dos error.
09/14/12, 10:52:49, 4, 0, :Dos error.
09/14/12, 10:52:49, 4, 0, :Dos error.
09/14/12, 10:52:50, 4, 0, :Dos error.
09/14/12, 10:54:12, 4, 0, :Invalid file handle.
09/14/12, 10:54:34, 4, 0, :Invalid file handle.
09/14/12, 11:12:06, 4, 0, :Invalid file handle.
09/14/12, 11:12:34, 4, 0, :Invalid file handle.
09/14/12, 11:15:14, 4, 0, :Invalid file handle.
09/14/12, 11:33:33, 4, 0, :Invalid file handle.
09/14/12, 11:34:15, 4, 0, :Invalid file handle.
09/14/12, 11:37:51, 4, 0, :Invalid file handle.
09/14/12, 12:43:11, 4, 0, :Invalid file handle.
09/14/12, 12:55:08, 4, 0, :Invalid file handle.
09/14/12, 12:55:27, 4, 0, :Invalid file handle.
09/14/12, 13:05:41, 4, 0, :Invalid file handle.
09/14/12, 13:06:11, 4, 0, :Invalid file handle.
09/14/12, 14:55:47, 4, 0, :Invalid file handle.
09/14/12, 15:12:45, 4, 0, :Invalid file handle.
09/14/12, 15:13:40, 4, 0, :Invalid file handle.
09/14/12, 15:52:29, 4, 0, :Invalid file handle.
09/14/12, 16:18:29, 4, 0, :Invalid file handle.
09/14/12, 16:21:25, 4, 0, :Invalid file handle.
09/14/12, 16:34:31, 4, 0, :File not found.
09/14/12, 16:37:06, 4, 0, :File not found.
09/14/12, 16:37:56, 4, 0, :Dos error.
09/14/12, 16:38:23, 4, 0, :File not found.
09/15/12, 09:58:04, 4, 0, :Invalid file handle.
09/15/12, 09:58:22, 4, 0, :Invalid file handle.
09/15/12, 09:58:37, 4, 0, :Invalid file handle.
09/15/12, 10:00:06, 4, 0, :File not found.
09/15/12, 10:00:06, 4, 0, :File not found.
09/15/12, 10:00:07, 4, 0, :Dos error.
09/15/12, 10:03:09, 4, 0, :Invalid file handle.
09/15/12, 10:03:41, 4, 0, :Invalid file handle.
09/15/12, 10:03:53, 4, 0, :Invalid file handle.
09/15/12, 10:12:08, 4, 0, :Invalid file handle.
09/15/12, 10:31:52, 4, 0, :Invalid file handle.
09/15/12, 10:42:03, 4, 0, :Invalid file handle.
09/15/12, 10:44:06, 4, 0, :Invalid file handle.
09/15/12, 11:00:38, 4, 0, :Invalid file handle.
09/15/12, 11:02:29, 4, 0, :File not found.
09/15/12, 11:02:29, 4, 0, :File not found.
09/15/12, 11:02:29, 4, 0, :Dos error.
09/15/12, 11:02:40, 4, 0, :Dos error.
09/15/12, 11:02:40, 4, 0, :Dos error.
09/15/12, 11:02:40, 4, 0, :Dos error.
09/15/12, 11:02:46, 4, 0, :Dos error.
09/15/12, 11:02:46, 4, 0, :Dos error.
09/15/12, 11:02:46, 4, 0, :Dos error.
09/15/12, 11:02:55, 4, 0, :Dos error.
09/15/12, 11:02:56, 4, 0, :Dos error.
09/15/12, 11:02:56, 4, 0, :Dos error.
09/15/12, 11:05:17, 4, 0, :Invalid file handle.
09/15/12, 11:05:23, 4, 0, :Invalid file handle.
09/15/12, 11:05:30, 4, 0, :Invalid file handle.
09/15/12, 11:06:53, 4, 0, :Invalid file handle.
09/15/12, 11:07:27, 4, 0, :File not found.
09/15/12, 11:07:27, 4, 0, :File not found.
09/15/12, 11:07:27, 4, 0, :Dos error.
09/15/12, 11:08:47, 4, 0, :File not found.
09/15/12, 11:10:12, 4, 0, :Invalid file handle.
09/15/12, 11:12:56, 4, 0, :Invalid file handle.
09/15/12, 11:13:11, 4, 0, :Invalid file handle.
09/15/12, 11:16:25, 4, 0, :Invalid file handle.
09/15/12, 11:20:06, 4, 0, :Invalid file handle.
09/15/12, 11:20:46, 4, 0, :Invalid file handle.
09/15/12, 11:21:00, 4, 0, :Invalid file handle.
09/15/12, 11:39:46, 4, 0, :Invalid file handle.
09/15/12, 11:42:21, 4, 0, :Invalid file handle.
09/15/12, 11:42:52, 4, 0, :Invalid file handle.
09/15/12, 12:36:22, 4, 0, :Invalid file handle.
09/28/12, 18:07:28, 4, 0, :Invalid file handle.
09/28/12, 18:07:30, 4, 0, \\Jckconsultores\distrib\plantaCasma\Tesoreria\xx_Rendiciones.rpt:Server has not yet been opened.
09/28/12, 18:07:38, 4, 0, :Invalid file handle.
09/28/12, 18:07:39, 4, 0, \\Jckconsultores\distrib\plantaCasma\Tesoreria\xx_Rendiciones.rpt:Server has not yet been opened.
09/28/12, 18:08:10, 4, 0, :Invalid file handle.
09/28/12, 18:08:11, 4, 0, \\Jckconsultores\distrib\plantaCasma\Tesoreria\xx_Rendiciones.rpt:Server has not yet been opened.
09/28/12, 18:08:36, 4, 0, :Invalid file handle.
09/28/12, 18:08:37, 4, 0, \\Jckconsultores\distrib\plantaCasma\Tesoreria\xx_Rendiciones.rpt:Server has not yet been opened.
09/28/12, 18:08:40, 4, 0, :Invalid file handle.
09/28/12, 18:08:41, 4, 0, \\Jckconsultores\distrib\plantaCasma\Tesoreria\xx_Rendiciones.rpt:Server has not yet been opened.
09/28/12, 18:08:45, 4, 0, :Invalid file handle.
09/28/12, 18:08:46, 4, 0, \\Jckconsultores\distrib\plantaCasma\Tesoreria\xx_Rendiciones.rpt:Server has not yet been opened.
09/28/12, 18:11:05, 4, 0, :Invalid file handle.
09/28/12, 18:18:10, 4, 0, :Invalid file handle.
09/28/12, 18:18:10, 4, 0, \\Jckconsultores\distrib\plantaCasma\Tesoreria\xx_Rendiciones.rpt:Server has not yet been opened.
09/28/12, 18:18:34, 4, 0, :Invalid file handle.
09/28/12, 18:19:34, 4, 0, :Invalid file handle.
10/25/12, 17:53:15, 4, 0, :Invalid file handle.
10/25/12, 17:53:16, 4, 0, \\jckconsultores\Distrib\ReportsNet\CONTABILIDAD\rptLibroDiarioDetallado.rpt:Server has not yet been opened.
10/25/12, 17:53:47, 4, 0, :Invalid file handle.
10/25/12, 17:53:48, 4, 0, \\jckconsultores\Distrib\ReportsNet\CONTABILIDAD\ct_BalanceComprobacion.rpt:Server has not yet been opened.
10/25/12, 17:54:49, 4, 0, :Invalid file handle.
10/25/12, 17:55:38, 4, 0, :Invalid file handle.
10/25/12, 17:55:39, 4, 0, \\jckconsultores\Distrib\ReportsNet\CONTABILIDAD\ct_LibroDiario.rpt:Server has not yet been opened.
10/25/12, 17:56:31, 4, 0, :Invalid file handle.
10/25/12, 17:58:47, 4, 0, :Invalid file handle.
10/25/12, 17:58:49, 4, 0, \\jckconsultores\Distrib\ReportsNet\CONTABILIDAD\ct_LibroDiario.rpt:SQL server error.
10/25/12, 17:59:13, 4, 0, :Invalid file handle.
10/25/12, 17:59:36, 4, 0, :Invalid file handle.
10/25/12, 17:59:37, 4, 0, \\jckconsultores\Distrib\ReportsNet\CONTABILIDAD\ct_LibroCajayBancos0101.rpt:Error detected by database DLL.
10/25/12, 17:59:40, 4, 0, :Invalid file handle.
10/25/12, 17:59:41, 4, 0, \\jckconsultores\Distrib\ReportsNet\CONTABILIDAD\ct_LibroCajayBancos0102.rpt:Error detected by database DLL.
10/25/12, 17:59:57, 4, 0, :Invalid file handle.
10/25/12, 17:59:57, 4, 0, \\jckconsultores\Distrib\ReportsNet\CONTABILIDAD\ct_LibroRegistroComprasSunat.rpt:Error detected by database DLL.
10/25/12, 18:00:02, 4, 0, :Invalid file handle.
10/25/12, 18:00:03, 4, 0, \\jckconsultores\Distrib\ReportsNet\CONTABILIDAD\ct_LibroRegistroComprasSunat.rpt:Error detected by database DLL.
10/25/12, 18:00:08, 4, 0, :Invalid file handle.
10/25/12, 18:00:23, 4, 0, :Invalid file handle.
10/25/12, 18:00:23, 4, 0, \\jckconsultores\Distrib\ReportsNet\CONTABILIDAD\ct_EstadoGanPedFun.rpt:Error detected by database DLL.
10/25/12, 18:00:36, 4, 0, :Invalid file handle.
10/25/12, 18:00:36, 4, 0, \\jckconsultores\Distrib\ReportsNet\CONTABILIDAD\ct_libroRegistrodeVentas.Rpt:Error detected by database DLL.
10/25/12, 18:18:17, 4, 0, :Invalid file handle.
10/25/12, 18:18:36, 4, 0, :Invalid file handle.
10/25/12, 18:18:40, 4, 0, \\jckconsultores\Distrib\ReportsNet\CONTABILIDAD\ct_LibroDiario.rpt:SQL server error.
10/25/12, 18:25:45, 4, 0, :Invalid file handle.
10/25/12, 18:25:59, 4, 0, :Invalid file handle.
10/25/12, 18:26:11, 4, 0, :Invalid file handle.
10/25/12, 18:26:25, 4, 0, :Invalid file handle.
10/25/12, 18:26:42, 4, 0, :Invalid file handle.
10/25/12, 18:27:00, 4, 0, :Invalid file handle.
10/25/12, 18:27:00, 4, 0, \\jckconsultores\Distrib\ReportsNet\CONTABILIDAD\ct_MayorGeneral.rpt:Error detected by database DLL.
10/25/12, 18:27:17, 4, 0, :Invalid file handle.
10/25/12, 18:27:17, 4, 0, \\jckconsultores\Distrib\ReportsNet\CONTABILIDAD\ct_LibroRegistroComprasSunat.rpt:Error detected by database DLL.
10/25/12, 18:27:50, 4, 0, :Invalid file handle.
10/25/12, 18:27:51, 4, 0, \\jckconsultores\Distrib\ReportsNet\CONTABILIDAD\ct_LibroRegistroComprasSunat.rpt:Error detected by database DLL.
10/25/12, 18:32:45, 4, 0, :Invalid file handle.
10/26/12, 15:49:02, 4, 0, :Invalid file handle.
10/26/12, 15:49:39, 4, 0, :Invalid file handle.
10/26/12, 15:49:45, 4, 0, :Invalid file handle.
10/26/12, 15:49:55, 4, 0, :Invalid file handle.
10/26/12, 15:50:03, 4, 0, :Invalid file handle.
10/26/12, 15:50:09, 4, 0, :Invalid file handle.
10/26/12, 15:50:18, 4, 0, :Invalid file handle.
10/26/12, 15:50:31, 4, 0, :Invalid file handle.
10/26/12, 15:50:31, 4, 0, \\jckconsultores\Distrib\ReportsNet\CONTABILIDAD\ct_MayorGeneral.rpt:Error detected by database DLL.
10/26/12, 15:50:45, 4, 0, :Invalid file handle.
10/26/12, 15:59:33, 4, 0, :Invalid file handle.
10/26/12, 16:01:22, 4, 0, \\jckconsultores\Distrib\ReportsNet\CONTABILIDAD\ct_MayorGeneral.rpt:Error detected by database DLL.
10/26/12, 16:10:51, 4, 0, :Invalid file handle.
10/26/12, 16:10:53, 4, 0, \\jckconsultores\Distrib\ReportsNet\CONTABILIDAD\ct_MayorGeneral.rpt:Error detected by database DLL.
10/26/12, 16:11:22, 4, 0, :Invalid file handle.
10/26/12, 16:11:31, 4, 0, :Invalid file handle.
10/26/12, 16:11:46, 4, 0, :Invalid file handle.
10/26/12, 16:11:47, 4, 0, \\jckconsultores\Distrib\ReportsNet\CONTABILIDAD\ct_MayorGeneral.rpt:Error detected by database DLL.
10/26/12, 16:12:03, 4, 0, :Invalid file handle.
10/26/12, 16:12:13, 4, 0, :Invalid file handle.
10/26/12, 16:12:14, 4, 0, \\jckconsultores\Distrib\ReportsNet\CONTABILIDAD\ct_MayorGeneral.rpt:Error detected by database DLL.
10/26/12, 16:12:45, 4, 0, :Invalid file handle.
10/26/12, 16:12:54, 4, 0, :Invalid file handle.
10/26/12, 16:13:07, 4, 0, :Invalid file handle.
10/26/12, 16:14:03, 4, 0, :Invalid file handle.
10/26/12, 16:14:33, 4, 0, :Invalid file handle.
10/26/12, 16:14:48, 4, 0, :Invalid file handle.
10/26/12, 16:14:48, 4, 0, \\jckconsultores\Distrib\ReportsNet\CONTABILIDAD\ct_MayorGeneral.rpt:Error detected by database DLL.
10/26/12, 16:14:53, 4, 0, :Invalid file handle.
10/26/12, 16:17:59, 4, 0, :Invalid file handle.
10/26/12, 16:40:01, 4, 0, :Invalid file handle.
10/26/12, 16:40:38, 4, 0, :Invalid file handle.
10/26/12, 16:47:13, 4, 0, :Invalid file handle.
10/26/12, 16:47:31, 4, 0, :Invalid file handle.
10/26/12, 16:47:32, 4, 0, \\jckconsultores\Distrib\ReportsNet\CONTABILIDAD\ct_LibroRegistroComprasSunat.rpt:Error detected by database DLL.
10/26/12, 16:52:02, 4, 0, :Invalid file handle.
10/26/12, 16:52:13, 4, 0, \\jckconsultores\Distrib\ReportsNet\CONTABILIDAD\ct_LibroRegistroComprasSunat.rpt:Error detected by database DLL.
10/26/12, 17:30:32, 4, 0, :Invalid file handle.
10/26/12, 17:30:33, 4, 0, \\jckconsultores\Distrib\ReportsNet\CONTABILIDAD\ct_LibroRegistroComprasSunat.rpt:Error detected by database DLL.
10/27/12, 14:36:05, 4, 0, :Invalid file handle.
10/27/12, 14:36:09, 4, 0, \\jckconsultores\Distrib\ReportsNet\CONTABILIDAD\ct_LibroRegistroComprasSunat.rpt:Error detected by database DLL.
10/27/12, 14:49:18, 4, 0, :Invalid file handle.
10/27/12, 14:58:01, 4, 0, :Invalid file handle.
10/27/12, 15:00:56, 4, 0, :Invalid file handle.
10/27/12, 15:01:11, 4, 0, :Invalid file handle.
10/27/12, 15:01:13, 4, 0, \\jckconsultores\Distrib\ReportsNet\CONTABILIDAD\ct_EstadoGanPedFun.rpt:Error detected by database DLL.
10/27/12, 15:01:26, 4, 0, :Invalid file handle.
10/27/12, 15:01:26, 4, 0, \\jckconsultores\Distrib\ReportsNet\CONTABILIDAD\ct_EstadoGanPedFun.rpt:Error detected by database DLL.
10/27/12, 15:01:42, 4, 0, :Invalid file handle.
10/27/12, 15:21:45, 4, 0, :Invalid file handle.
10/27/12, 18:32:05, 4, 0, :Invalid file handle.
10/27/12, 18:34:05, 4, 0, :Invalid file handle.
10/27/12, 18:36:06, 4, 0, :Invalid file handle.
10/29/12, 14:43:40, 4, 0, :Invalid file handle.
10/29/12, 14:44:06, 4, 0, :Invalid file handle.
10/29/12, 14:44:18, 4, 0, :Invalid file handle.
10/29/12, 14:44:35, 4, 0, :Invalid file handle.
10/29/12, 14:45:08, 4, 0, :Invalid file handle.
10/29/12, 14:45:19, 4, 0, :Invalid file handle.
10/29/12, 14:45:51, 4, 0, :Invalid file handle.
10/29/12, 14:45:52, 4, 0, \\jckconsultores\Distrib\ReportsNet\CONTABILIDAD\ct_LibroCajayBancos0101.rpt:Error detected by database DLL.
10/29/12, 14:45:54, 4, 0, :Invalid file handle.
10/29/12, 14:45:55, 4, 0, \\jckconsultores\Distrib\ReportsNet\CONTABILIDAD\ct_LibroCajayBancos0102.rpt:Error detected by database DLL.
10/29/12, 14:56:18, 4, 0, :Invalid file handle.
10/29/12, 14:56:19, 4, 0, \\jckconsultores\Distrib\ReportsNet\CONTABILIDAD\ct_LibroCajayBancos0101.rpt:Error detected by database DLL.
10/29/12, 14:56:29, 4, 0, :Invalid file handle.
10/29/12, 14:56:29, 4, 0, \\jckconsultores\Distrib\ReportsNet\CONTABILIDAD\ct_EstadoGanPedFun.rpt:Error detected by database DLL.
10/29/12, 14:56:48, 4, 0, :Invalid file handle.
10/29/12, 14:56:49, 4, 0, \\jckconsultores\Distrib\ReportsNet\CONTABILIDAD\ct_EstadoGanPedFun.rpt:Error detected by database DLL.
10/29/12, 14:56:53, 4, 0, :Invalid file handle.
10/29/12, 14:56:54, 4, 0, \\jckconsultores\Distrib\ReportsNet\CONTABILIDAD\ct_EstadoGanPedNat.rpt:Error detected by database DLL.
10/29/12, 14:58:35, 4, 0, :Invalid file handle.
10/29/12, 14:58:40, 4, 0, \\jckconsultores\Distrib\ReportsNet\CONTABILIDAD\ct_EstadoGanPedNat.rpt:Error detected by database DLL.
10/29/12, 15:10:00, 4, 0, :Invalid file handle.
10/29/12, 15:10:01, 4, 0, \\jckconsultores\Distrib\ReportsNet\CONTABILIDAD\ct_EstadoGanPedFun.rpt:Error detected by database DLL.
10/29/12, 15:10:05, 4, 0, :Invalid file handle.
10/29/12, 15:10:06, 4, 0, \\jckconsultores\Distrib\ReportsNet\CONTABILIDAD\ct_EstadoGanPedNat.rpt:Error detected by database DLL.
10/29/12, 15:10:15, 4, 0, :Invalid file handle.
10/29/12, 15:10:16, 4, 0, \\jckconsultores\Distrib\ReportsNet\CONTABILIDAD\ct_BalanceGeneral.rpt:Error detected by database DLL.
10/29/12, 15:10:17, 4, 0, :Invalid file handle.
10/29/12, 15:13:59, 4, 0, :Invalid file handle.
10/29/12, 15:14:06, 4, 0, :Invalid file handle.
10/29/12, 15:14:12, 4, 0, :Invalid file handle.
10/29/12, 15:14:12, 4, 0, \\jckconsultores\Distrib\ReportsNet\CONTABILIDAD\ct_BalanceGeneral.rpt:Error detected by database DLL.
10/29/12, 15:14:15, 4, 0, :Invalid file handle.
10/29/12, 15:14:22, 4, 0, :Invalid file handle.
10/29/12, 15:14:22, 4, 0, \\jckconsultores\Distrib\ReportsNet\CONTABILIDAD\rptEstadoFlujoEfectivo.rpt:Physical database not found.
10/29/12, 15:30:45, 4, 0, :Invalid file handle.
10/29/12, 15:30:47, 4, 0, :Invalid file handle.
10/29/12, 15:30:55, 4, 0, :Invalid file handle.
10/29/12, 15:30:56, 4, 0, \\jckconsultores\Distrib\ReportsNet\CONTABILIDAD\rptEstadoFlujoEfectivo.rpt:Physical database not found.
10/29/12, 15:34:42, 4, 0, :Invalid file handle.
10/29/12, 15:34:50, 4, 0, \\jckconsultores\Distrib\ReportsNet\CONTABILIDAD\ct_EstadoFlujoEfectivo.rpt:Physical database not found.
10/29/12, 16:02:13, 4, 0, :Invalid file handle.
10/29/12, 16:07:24, 4, 0, :Invalid file handle.
10/29/12, 16:08:13, 4, 0, \\jckconsultores\Distrib\ReportsNet\CONTABILIDAD\ct_EstadoFlujoEfectivo.rpt:Error detected by database DLL.
10/29/12, 16:09:29, 4, 0, :Invalid file handle.
10/29/12, 16:09:59, 4, 0, :Invalid file handle.
10/29/12, 16:10:00, 4, 0, :Invalid file handle.
10/29/12, 16:10:18, 4, 0, :Invalid file handle.
10/29/12, 16:10:30, 4, 0, :Invalid file handle.
10/29/12, 16:10:48, 4, 0, :Invalid file handle.
10/29/12, 16:10:55, 4, 0, :Invalid file handle.
10/29/12, 16:42:39, 4, 0, :Dos error.
10/29/12, 16:42:53, 4, 0, :Dos error.
10/29/12, 16:42:53, 4, 0, :Dos error.
10/29/12, 16:43:02, 4, 0, :Dos error.
10/29/12, 16:43:03, 4, 0, :Dos error.
10/29/12, 16:43:03, 4, 0, :Dos error.
10/29/12, 16:44:38, 4, 0, :Invalid file handle.
10/29/12, 16:44:39, 4, 0, \\jckconsultores\Distrib\ReportsNet\compras\co_VoucherComprobCompra.rpt:Error detected by database DLL.
10/29/12, 16:52:03, 4, 0, :Invalid file handle.
10/29/12, 16:52:04, 4, 0, \\jckconsultores\Distrib\ReportsNet\compras\co_VoucherComprobCompra.rpt:Error detected by database DLL.
11/05/12, 14:17:47, 4, 0, :Invalid file handle.
11/05/12, 14:17:49, 4, 0, \\jckconsultores\Distrib\ReportsNet\CONTABILIDAD\rptLibroDiarioDetallado.rpt:Server has not yet been opened.
11/05/12, 14:17:56, 4, 0, :Invalid file handle.
11/05/12, 14:17:57, 4, 0, \\jckconsultores\Distrib\ReportsNet\CONTABILIDAD\ct_BalanceComprobacion.rpt:Server has not yet been opened.
11/05/12, 14:18:05, 4, 0, :Invalid file handle.
11/05/12, 14:18:06, 4, 0, \\jckconsultores\Distrib\ReportsNet\CONTABILIDAD\ct_MayorAnaliticoAcum.rpt:Server has not yet been opened.
11/05/12, 14:21:15, 4, 0, :Invalid file handle.
11/05/12, 14:21:57, 4, 0, :Invalid file handle.
11/05/12, 14:22:16, 4, 0, :Invalid file handle.
11/05/12, 14:22:31, 4, 0, \\database\Distrib\campos2012\ReportsNet\CONTABILIDAD\ct_libromayor.rpt:Server has not yet been opened.
11/05/12, 14:22:45, 4, 0, :Invalid file handle.
11/05/12, 14:23:00, 4, 0, \\database\Distrib\campos2012\ReportsNet\CONTABILIDAD\ct_LibroRegistroComprasSunat.rpt:Server has not yet been opened.
11/05/12, 14:23:15, 4, 0, :Invalid file handle.
11/05/12, 14:23:30, 4, 0, :Invalid file handle.
11/05/12, 14:23:45, 4, 0, :Invalid file handle.
11/05/12, 14:23:53, 4, 0, :Invalid file handle.
11/05/12, 14:24:01, 4, 0, :Invalid file handle.
11/05/12, 14:24:09, 4, 0, \\database\Distrib\campos2012\ReportsNet\CONTABILIDAD\ct_EstadoFlujoEfectivo.rpt:Error detected by database DLL.
11/05/12, 14:24:22, 4, 0, :Invalid file handle.
11/05/12, 14:24:43, 4, 0, :Invalid file handle.
11/05/12, 14:25:17, 4, 0, :Invalid file handle.
11/05/12, 14:25:23, 4, 0, :Invalid file handle.
11/05/12, 14:25:30, 4, 0, :Invalid file handle.
11/05/12, 14:25:40, 4, 0, :Invalid file handle.
11/05/12, 14:25:50, 4, 0, :Invalid file handle.
11/05/12, 14:26:07, 4, 0, :Invalid file handle.
11/05/12, 14:26:24, 4, 0, :Invalid file handle.
11/05/12, 14:26:25, 4, 0, \\database\Distrib\campos2012\ReportsNet\CONTABILIDAD\ct_CtacteAnalitico2.rpt:Server has not yet been opened.
11/05/12, 14:26:41, 4, 0, :Invalid file handle.
11/05/12, 14:26:55, 4, 0, :Invalid file handle.
11/05/12, 14:27:11, 4, 0, :Invalid file handle.
11/05/12, 14:27:12, 4, 0, \\database\Distrib\campos2012\ReportsNet\CONTABILIDAD\ct_libromayor.rpt:Server has not yet been opened.
11/05/12, 14:28:23, 4, 0, :Invalid file handle.
11/05/12, 14:28:24, 4, 0, \\database\Distrib\campos2012\ReportsNet\CONTABILIDAD\ct_libromayor.rpt:Server has not yet been opened.
11/05/12, 14:28:39, 4, 0, :Invalid file handle.
11/05/12, 14:39:14, 4, 0, :Invalid file handle.
11/05/12, 14:39:22, 4, 0, :Invalid file handle.
11/05/12, 14:39:39, 4, 0, :Invalid file handle.
11/05/12, 14:39:39, 4, 0, \\database\Distrib\campos2012\ReportsNet\CONTABILIDAD\ct_LibroCajayBancos0101.rpt:Error detected by database DLL.
11/05/12, 14:39:45, 4, 0, :Invalid file handle.
11/05/12, 14:39:46, 4, 0, \\database\Distrib\campos2012\ReportsNet\CONTABILIDAD\ct_LibroCajayBancos0102.rpt:Error detected by database DLL.
11/05/12, 14:40:25, 4, 0, :Invalid file handle.
11/05/12, 14:40:26, 4, 0, \\database\Distrib\campos2012\ReportsNet\CONTABILIDAD\ct_LibroRegistroComprasSunat.rpt:Server has not yet been opened.
11/05/12, 14:40:33, 4, 0, :Invalid file handle.
11/05/12, 14:40:34, 4, 0, \\database\Distrib\campos2012\ReportsNet\CONTABILIDAD\ct_LibroRegistroComprasSunat.rpt:Server has not yet been opened.
11/05/12, 14:57:15, 4, 0, :Invalid file handle.
11/05/12, 14:57:16, 4, 0, \\database\Distrib\campos2012\ReportsNet\CONTABILIDAD\ct_LibroRegistroComprasSunat.rpt:Server has not yet been opened.
11/05/12, 14:57:20, 4, 0, :Invalid file handle.
11/05/12, 14:57:21, 4, 0, \\database\Distrib\campos2012\ReportsNet\CONTABILIDAD\ct_LibroRegistroComprasSunat.rpt:Server has not yet been opened.
11/05/12, 14:58:50, 4, 0, :Invalid file handle.
11/05/12, 14:58:51, 4, 0, \\database\Distrib\campos2012\ReportsNet\CONTABILIDAD\ct_LibroRegistroComprasSunat.rpt:Server has not yet been opened.
11/05/12, 15:04:51, 4, 0, :Invalid file handle.
11/05/12, 15:04:53, 4, 0, \\database\Distrib\campos2012\ReportsNet\CONTABILIDAD\ct_LibroRegistroComprasSunat.rpt:Server has not yet been opened.
11/05/12, 15:05:22, 4, 0, :Invalid file handle.
11/05/12, 15:06:09, 4, 0, :Invalid file handle.
11/05/12, 15:06:22, 4, 0, :Invalid file handle.
11/05/12, 15:06:38, 4, 0, :Invalid file handle.
11/05/12, 15:06:53, 4, 0, :Invalid file handle.
11/05/12, 15:07:08, 4, 0, :Invalid file handle.
11/05/12, 15:07:26, 4, 0, :Invalid file handle.
11/05/12, 15:07:41, 4, 0, :Invalid file handle.
11/05/12, 15:10:42, 4, 0, :Invalid file handle.
11/05/12, 15:14:00, 4, 0, :Invalid file handle.
11/05/12, 15:14:59, 4, 0, :Invalid file handle.
11/05/12, 15:15:37, 4, 0, :Invalid file handle.
11/05/12, 15:22:23, 4, 0, :Invalid file handle.
11/05/12, 15:29:12, 4, 0, :Invalid file handle.
11/05/12, 15:29:13, 4, 0, \\database\Distrib\campos2012\ReportsNet\CONTABILIDAD\ct_EstadoFlujoEfectivo.rpt:Error detected by database DLL.
11/05/12, 15:35:47, 4, 0, :Invalid file handle.
11/05/12, 15:35:48, 4, 0, \\database\Distrib\campos2012\ReportsNet\CONTABILIDAD\ct_EstadoFlujoEfectivo.rpt:Error detected by database DLL.
11/05/12, 15:36:09, 4, 0, :Invalid file handle.
11/05/12, 15:36:41, 4, 0, :Invalid file handle.
11/05/12, 15:37:03, 4, 0, :Invalid file handle.
11/05/12, 15:37:59, 4, 0, :Invalid file handle.
11/05/12, 15:40:08, 4, 0, :Invalid file handle.
11/05/12, 15:40:09, 4, 0, \\database\Distrib\campos2012\ReportsNet\CONTABILIDAD\ct_EstadoFlujoEfectivo.rpt:Error detected by database DLL.
11/05/12, 15:42:36, 4, 0, :Invalid file handle.
11/05/12, 15:42:36, 4, 0, \\database\Distrib\campos2012\ReportsNet\CONTABILIDAD\ct_EstadoFlujoEfectivo.rpt:Error detected by database DLL.
11/05/12, 15:43:21, 4, 0, :Invalid file handle.
11/06/12, 09:36:47, 4, 0, :Invalid file handle.
11/06/12, 09:36:50, 4, 0, \\database\Distrib\campos2012\ReportsNet\compras\rptCORegistroCompras.rpt:Error detected by database DLL.
11/06/12, 09:36:55, 4, 0, :Invalid file handle.
11/06/12, 09:36:56, 4, 0, \\database\Distrib\campos2012\ReportsNet\compras\rptCORegistroCompras.rpt:Error detected by database DLL.
11/06/12, 09:37:03, 4, 0, :Invalid file handle.
11/06/12, 09:37:03, 4, 0, \\database\Distrib\campos2012\ReportsNet\compras\rptCORegistroCompras.rpt:Error detected by database DLL.
11/06/12, 11:37:51, 4, 0, :Invalid file handle.
11/06/12, 11:37:56, 4, 0, \\database\Distrib\campos2012\ReportsNet\compras\rptCORegistroCompras.rpt:Error detected by database DLL.
11/06/12, 11:45:09, 4, 0, :Invalid file handle.
11/06/12, 11:48:53, 4, 0, :Invalid file handle.
11/06/12, 16:41:27, 4, 0, :Invalid file handle.
11/06/12, 16:41:32, 4, 0, \\database\Distrib\campos2012\ReportsNet\CONTABILIDAD\ct_BalanceComprobacion.rpt:Server has not yet been opened.
11/06/12, 16:42:30, 4, 0, :Invalid file handle.
11/06/12, 16:42:33, 4, 0, \\database\Distrib\campos2012\ReportsNet\CONTABILIDAD\ct_BalanceComprobacion.rpt:Server has not yet been opened.
11/06/12, 16:42:55, 4, 0, :Invalid file handle.
11/06/12, 16:42:57, 4, 0, \\database\Distrib\campos2012\ReportsNet\CONTABILIDAD\ct_BalanceComprobacion.rpt:Server has not yet been opened.
11/06/12, 16:43:04, 4, 0, :Invalid file handle.
11/06/12, 16:43:06, 4, 0, \\database\Distrib\campos2012\ReportsNet\CONTABILIDAD\ct_BalanceComprobacion.rpt:Server has not yet been opened.
11/06/12, 16:43:16, 4, 0, :Invalid file handle.
11/06/12, 16:43:18, 4, 0, \\database\Distrib\campos2012\ReportsNet\CONTABILIDAD\ct_BalanceComprobacion.rpt:Server has not yet been opened.
11/06/12, 16:43:38, 4, 0, :Invalid file handle.
11/06/12, 16:44:34, 4, 0, :Invalid file handle.
11/06/12, 17:04:58, 4, 0, :Invalid file handle.
11/06/12, 17:05:56, 4, 0, :Invalid file handle.
11/06/12, 17:06:34, 4, 0, :Invalid file handle.
11/06/12, 17:07:08, 4, 0, :Invalid file handle.
11/06/12, 17:10:53, 4, 0, :Invalid file handle.
11/06/12, 17:15:11, 4, 0, :Invalid file handle.
11/06/12, 17:16:30, 4, 0, :Invalid file handle.
11/06/12, 17:21:24, 4, 0, :Invalid file handle.
11/06/12, 17:38:47, 4, 0, :Invalid file handle.
11/08/12, 13:19:15, 4, 0, :Invalid file handle.
11/08/12, 13:19:22, 4, 0, :Invalid file handle.
11/08/12, 13:19:22, 4, 0, :Invalid file handle.
11/08/12, 13:25:18, 4, 0, :Invalid file handle.
11/09/12, 09:56:52, 4, 0, :Invalid file handle.
11/09/12, 09:56:56, 4, 0, \\database\Distrib\campos2012\ReportsNet\CONTABILIDAD\ct_BalanceComprobacion.rpt:Server has not yet been opened.
11/09/12, 09:57:18, 4, 0, :Invalid file handle.
11/09/12, 09:57:21, 4, 0, \\database\Distrib\campos2012\ReportsNet\CONTABILIDAD\ct_BalanceComprobacion.rpt:Server has not yet been opened.
11/09/12, 10:15:42, 4, 0, :Invalid file handle.
11/09/12, 10:15:58, 4, 0, :Invalid file handle.
11/09/12, 10:16:14, 4, 0, :Invalid file handle.
11/09/12, 10:16:44, 4, 0, :Invalid file handle.
11/09/12, 10:16:56, 4, 0, :Invalid file handle.
11/09/12, 10:17:49, 4, 0, :Invalid file handle.
11/09/12, 10:17:51, 4, 0, \\database\Distrib\campos2012\ReportsNet\CONTABILIDAD\ct_LibroCajaBancos.rpt:Error detected by database DLL.
11/09/12, 10:18:24, 4, 0, :Invalid file handle.
11/09/12, 10:18:26, 4, 0, \\database\Distrib\campos2012\ReportsNet\CONTABILIDAD\ct_LibroCajaBancos.rpt:Error detected by database DLL.
11/09/12, 10:18:42, 4, 0, :Invalid file handle.
11/09/12, 10:25:02, 4, 0, :Invalid file handle.
11/09/12, 10:25:05, 4, 0, \\database\Distrib\campos2012\ReportsNet\CONTABILIDAD\ct_CtacteAnalitico2.rpt:Server has not yet been opened.
11/09/12, 10:25:16, 4, 0, :Invalid file handle.
11/09/12, 10:25:18, 4, 0, \\database\Distrib\campos2012\ReportsNet\CONTABILIDAD\ct_CtacteAnalitico2.rpt:Server has not yet been opened.
11/09/12, 10:25:35, 4, 0, :Invalid file handle.
11/09/12, 10:25:37, 4, 0, \\database\Distrib\campos2012\ReportsNet\CONTABILIDAD\ct_CtacteAnalitico2.rpt:Server has not yet been opened.
11/09/12, 14:14:15, 4, 0, :Invalid file handle.
11/09/12, 14:14:15, 4, 0, :File not found.
11/09/12, 14:14:15, 4, 0, :File not found.
11/09/12, 14:19:54, 4, 0, :Invalid file handle.
11/09/12, 14:19:54, 4, 0, :File not found.
11/09/12, 14:19:55, 4, 0, :File not found.
11/09/12, 14:22:16, 4, 0, :Invalid file handle.
11/09/12, 14:25:14, 4, 0, :Invalid file handle.
11/09/12, 14:25:14, 4, 0, :File not found.
11/09/12, 14:25:14, 4, 0, :File not found.
11/09/12, 14:25:33, 4, 0, :Invalid file handle.
11/09/12, 14:25:35, 4, 0, :File not found.
11/09/12, 14:29:33, 4, 0, :Invalid file handle.
11/09/12, 14:39:17, 4, 0, :Invalid file handle.
11/09/12, 15:59:32, 4, 0, :Invalid file handle.
11/09/12, 15:59:48, 4, 0, :Invalid file handle.
11/09/12, 16:00:00, 4, 0, :Invalid file handle.
11/09/12, 16:00:14, 4, 0, :Invalid file handle.
11/09/12, 16:00:16, 4, 0, \\database\Distrib\campos2012\ReportsNet\CONTABILIDAD\ct_CtacteAnalitico1.rpt:Server has not yet been opened.
11/09/12, 16:00:23, 4, 0, :Invalid file handle.
11/09/12, 16:00:24, 4, 0, \\database\Distrib\campos2012\ReportsNet\CONTABILIDAD\ct_CtacteAnalitico1.rpt:Server has not yet been opened.
11/09/12, 16:00:33, 4, 0, :Invalid file handle.
11/09/12, 16:00:41, 4, 0, :Invalid file handle.
11/09/12, 16:00:55, 4, 0, :Invalid file handle.
11/09/12, 16:01:07, 4, 0, :Invalid file handle.
11/09/12, 16:01:09, 4, 0, \\database\Distrib\campos2012\ReportsNet\CONTABILIDAD\ct_CtacteAnalitico2.rpt:Server has not yet been opened.
11/09/12, 16:01:17, 4, 0, :Invalid file handle.
11/09/12, 16:01:19, 4, 0, \\database\Distrib\campos2012\ReportsNet\CONTABILIDAD\ct_CtacteAnalitico2.rpt:Server has not yet been opened.
11/09/12, 16:01:25, 4, 0, :Invalid file handle.
11/09/12, 16:01:26, 4, 0, \\database\Distrib\campos2012\ReportsNet\CONTABILIDAD\ct_CtacteAnalitico2.rpt:Server has not yet been opened.
11/09/12, 16:02:53, 4, 0, :Invalid file handle.
11/09/12, 16:03:11, 4, 0, :Invalid file handle.
11/09/12, 16:03:45, 4, 0, :Invalid file handle.
11/09/12, 16:03:47, 4, 0, \\database\Distrib\campos2012\ReportsNet\CONTABILIDAD\ct_CtacteAnalitico2.rpt:Server has not yet been opened.
11/09/12, 16:13:28, 4, 0, :Invalid file handle.
11/09/12, 16:14:08, 4, 0, :Invalid file handle.
11/09/12, 16:14:10, 4, 0, \\database\Distrib\campos2012\ReportsNet\CONTABILIDAD\ct_CtacteAnalitico1.rpt:Server has not yet been opened.
11/09/12, 16:15:29, 4, 0, :Invalid file handle.
11/09/12, 16:15:30, 4, 0, \\database\Distrib\campos2012\ReportsNet\CONTABILIDAD\ct_CtacteAnalitico2.rpt:Server has not yet been opened.
11/09/12, 16:19:18, 4, 0, :Invalid file handle.
11/09/12, 16:19:30, 4, 0, :Dos error.
11/09/12, 16:19:30, 4, 0, :Dos error.
11/09/12, 16:35:02, 4, 0, :Invalid file handle.
11/09/12, 16:35:25, 4, 0, :Invalid file handle.
11/09/12, 16:36:17, 4, 0, :Invalid file handle.
11/09/12, 16:36:19, 4, 0, \\database\Distrib\campos2012\ReportsNet\CONTABILIDAD\ct_CtacteAnalitico1.rpt:Server has not yet been opened.
11/09/12, 16:36:27, 4, 0, :Invalid file handle.
11/09/12, 16:37:18, 4, 0, :Invalid file handle.
11/09/12, 16:37:20, 4, 0, \\database\Distrib\campos2012\ReportsNet\CONTABILIDAD\ct_CtacteAnalitico1.rpt:Server has not yet been opened.
11/09/12, 16:40:45, 4, 0, :Invalid file handle.
11/09/12, 16:41:34, 4, 0, :Invalid file handle.
11/09/12, 16:42:17, 4, 0, :Invalid file handle.
11/09/12, 16:42:28, 4, 0, :Invalid file handle.
11/09/12, 16:42:48, 4, 0, :Invalid file handle.
11/09/12, 16:42:59, 4, 0, :Invalid file handle.
11/09/12, 16:44:13, 4, 0, :Invalid file handle.
11/09/12, 16:46:21, 4, 0, :Invalid file handle.
11/09/12, 16:47:14, 4, 0, :Invalid file handle.
11/09/12, 16:50:48, 4, 0, :Invalid file handle.
11/09/12, 16:50:57, 4, 0, :Invalid file handle.
11/09/12, 16:51:08, 4, 0, :Invalid file handle.
11/09/12, 16:51:46, 4, 0, :Invalid file handle.
11/09/12, 16:53:15, 4, 0, :Invalid file handle.
11/09/12, 16:53:22, 4, 0, :Invalid file handle.
11/09/12, 16:53:29, 4, 0, :Invalid file handle.
11/09/12, 16:53:30, 4, 0, :Invalid file handle.
11/09/12, 16:53:36, 4, 0, :Invalid file handle.
11/09/12, 16:54:29, 4, 0, :Invalid file handle.
11/09/12, 16:56:04, 4, 0, :Invalid file handle.
11/09/12, 16:56:06, 4, 0, \\database\Distrib\campos2012\ReportsNet\CONTABILIDAD\ct_LibroCajayBancos0101.rpt:Error detected by database DLL.
11/09/12, 18:05:14, 4, 0, :Invalid file handle.
11/09/12, 18:05:16, 4, 0, \\database\Distrib\campos2012\ReportsNet\CONTABILIDAD\ct_LibroCajayBancos0101.rpt:Error detected by database DLL.
11/09/12, 18:12:48, 4, 0, :Invalid file handle.
11/09/12, 18:12:59, 4, 0, :Invalid file handle.
11/09/12, 18:13:01, 4, 0, :Invalid file handle.
11/09/12, 18:18:37, 4, 0, :Invalid file handle.
11/09/12, 18:18:41, 4, 0, :Invalid file handle.
11/09/12, 18:20:34, 4, 0, :Invalid file handle.
11/09/12, 18:20:38, 4, 0, \\database\Distrib\campos2012\ReportsNet\CONTABILIDAD\ct_LibroCajayBancos0101.rpt:Error detected by database DLL.
11/09/12, 18:20:40, 4, 0, :Invalid file handle.
11/09/12, 18:20:43, 4, 0, \\database\Distrib\campos2012\ReportsNet\CONTABILIDAD\ct_LibroCajayBancos0102.rpt:Error detected by database DLL.
11/09/12, 18:26:28, 4, 0, :Invalid file handle.
11/09/12, 18:26:32, 4, 0, :Invalid file handle.
11/09/12, 21:57:52, 4, 0, :Invalid directory.
11/09/12, 21:57:52, 4, 0, :Invalid directory.
11/09/12, 21:57:52, 4, 0, :Invalid directory.
11/09/12, 22:00:43, 4, 0, :Invalid directory.
11/09/12, 22:00:43, 4, 0, :Invalid directory.
11/09/12, 22:00:43, 4, 0, :Invalid directory.
11/09/12, 22:01:48, 4, 0, :Invalid directory.
11/09/12, 22:01:48, 4, 0, :Invalid directory.
11/09/12, 22:01:48, 4, 0, :Invalid directory.
11/09/12, 22:02:30, 4, 0, :Invalid directory.
11/09/12, 22:02:37, 4, 0, :Invalid directory.
11/09/12, 22:07:42, 4, 0, :Invalid directory.
11/09/12, 22:07:42, 4, 0, :Invalid directory.
11/09/12, 22:07:42, 4, 0, :Invalid directory.
11/09/12, 22:08:41, 4, 0, :Invalid directory.
11/09/12, 22:08:41, 4, 0, :Invalid directory.
11/09/12, 22:08:41, 4, 0, :Invalid directory.
11/09/12, 22:09:04, 4, 0, :Invalid file handle.
11/09/12, 22:09:06, 4, 0, \\jckconsultores\Distrib\ReportsNet\CONTABILIDAD\rptLibroDiarioDetallado.rpt:Server has not yet been opened.
11/09/12, 22:09:56, 4, 0, :Invalid file handle.
11/09/12, 22:10:32, 4, 0, :Invalid file handle.
11/09/12, 22:10:51, 4, 0, :Invalid file handle.
11/09/12, 22:11:07, 4, 0, :Invalid file handle.
11/09/12, 22:36:11, 4, 0, :Invalid file handle.
11/09/12, 22:37:11, 4, 0, :Invalid file handle.
11/09/12, 22:42:59, 4, 0, :Invalid file handle.
11/09/12, 22:43:03, 4, 0, :Invalid file handle.
11/09/12, 22:43:28, 4, 0, :Invalid file handle.
11/09/12, 22:43:49, 4, 0, :Invalid file handle.
11/09/12, 22:43:58, 4, 0, :Invalid file handle.
11/09/12, 22:44:21, 4, 0, :Invalid file handle.
11/09/12, 22:44:53, 4, 0, :Invalid file handle.
11/09/12, 22:44:53, 4, 0, \\jckconsultores\Distrib\ReportsNet\CONTABILIDAD\ct_Libro03_03_06_12_13.rpt:Error detected by database DLL.
11/09/12, 22:44:55, 4, 0, :Invalid file handle.
11/09/12, 22:44:55, 4, 0, \\jckconsultores\Distrib\ReportsNet\CONTABILIDAD\ct_Libro03_03_06_12_13.rpt:Error detected by database DLL.
11/09/12, 22:44:56, 4, 0, :Invalid file handle.
11/09/12, 22:44:56, 4, 0, \\jckconsultores\Distrib\ReportsNet\CONTABILIDAD\ct_Libro03_03_06_12_13.rpt:Error detected by database DLL.
11/09/12, 22:44:57, 4, 0, :Invalid file handle.
11/09/12, 22:44:57, 4, 0, \\jckconsultores\Distrib\ReportsNet\CONTABILIDAD\ct_Libro03_03_06_12_13.rpt:Error detected by database DLL.
11/09/12, 22:44:58, 4, 0, :Invalid file handle.
11/09/12, 22:44:58, 4, 0, \\jckconsultores\Distrib\ReportsNet\CONTABILIDAD\ct_Libro03_11_14.rpt:Error detected by database DLL.
11/09/12, 22:44:59, 4, 0, :Invalid file handle.
11/09/12, 22:44:59, 4, 0, \\jckconsultores\Distrib\ReportsNet\CONTABILIDAD\ct_Libro03_03_06_12_13.rpt:Error detected by database DLL.
11/09/12, 22:44:59, 4, 0, :Invalid file handle.
11/09/12, 22:45:00, 4, 0, \\jckconsultores\Distrib\ReportsNet\CONTABILIDAD\ct_Libro03_03_06_12_13.rpt:Error detected by database DLL.
11/09/12, 22:45:00, 4, 0, :Invalid file handle.
11/09/12, 22:45:00, 4, 0, \\jckconsultores\Distrib\ReportsNet\CONTABILIDAD\ct_Libro03_03_06_12_13.rpt:Error detected by database DLL.
11/09/12, 22:45:01, 4, 0, :Invalid file handle.
11/09/12, 22:45:01, 4, 0, \\jckconsultores\Distrib\ReportsNet\CONTABILIDAD\ct_Libro03_11_14.rpt:Error detected by database DLL.
11/09/12, 22:45:02, 4, 0, :Invalid file handle.
11/09/12, 22:45:02, 4, 0, \\jckconsultores\Distrib\ReportsNet\CONTABILIDAD\ct_Libro03_03_06_12_13.rpt:Error detected by database DLL.
11/09/12, 22:45:02, 4, 0, :Invalid file handle.
11/09/12, 22:45:03, 4, 0, \\jckconsultores\Distrib\ReportsNet\CONTABILIDAD\ct_Libro03_03_06_12_13.rpt:Error detected by database DLL.
11/09/12, 22:52:50, 4, 0, :Invalid file handle.
11/09/12, 22:53:02, 4, 0, :Invalid file handle.
11/09/12, 22:53:57, 4, 0, :Invalid file handle.
11/09/12, 22:54:06, 4, 0, :Invalid file handle.
11/09/12, 22:54:14, 4, 0, :Invalid file handle.
11/09/12, 22:54:23, 4, 0, :Invalid file handle.
11/09/12, 22:54:32, 4, 0, :Invalid file handle.
11/09/12, 22:54:41, 4, 0, :Invalid file handle.
11/09/12, 22:54:48, 4, 0, :Invalid file handle.
11/09/12, 22:54:57, 4, 0, :Invalid file handle.
11/09/12, 22:55:05, 4, 0, :Invalid file handle.
11/09/12, 22:55:14, 4, 0, :Invalid file handle.
11/09/12, 22:55:22, 4, 0, :Invalid file handle.
11/09/12, 22:58:53, 4, 0, :Invalid file handle.
11/09/12, 22:59:00, 4, 0, :Invalid file handle.
11/09/12, 22:59:08, 4, 0, :Invalid file handle.
11/09/12, 22:59:17, 4, 0, :Invalid file handle.
11/10/12, 18:09:45, 4, 0, :Invalid file handle.
11/10/12, 18:12:27, 4, 0, :Invalid file handle.
11/10/12, 18:12:35, 4, 0, :Invalid file handle.
11/10/12, 18:19:33, 4, 0, :Invalid file handle.
11/13/12, 09:25:57, 4, 0, :Invalid file handle.
11/13/12, 09:26:01, 4, 0, \\database\Distrib\sistema\Reports\pagar\cp_SaldoxProveedorDetalleResumen.rpt:Error detected by database DLL.
11/13/12, 09:50:09, 4, 0, :Invalid file handle.
11/13/12, 09:50:11, 4, 0, \\database\Distrib\sistema\Reports\pagar\cp_SaldoxProveedorDetalleResumen.rpt:Error detected by database DLL.
11/13/12, 09:50:18, 4, 0, :Invalid file handle.
11/13/12, 09:50:22, 4, 0, \\database\Distrib\sistema\Reports\pagar\cp_SaldoxProveedorDetalleResumen.rpt:Error detected by database DLL.
11/13/12, 09:52:32, 4, 0, :Invalid file handle.
11/13/12, 09:52:34, 4, 0, \\database\Distrib\sistema\Reports\pagar\cp_SaldoxProveedorDetalleResumen.rpt:Error detected by database DLL.
11/13/12, 09:52:49, 4, 0, :Invalid file handle.
11/13/12, 09:52:51, 4, 0, \\database\Distrib\sistema\Reports\pagar\cp_SaldoxProveedorDetalleResumen.rpt:Error detected by database DLL.
11/13/12, 10:10:28, 4, 0, :Invalid file handle.
11/13/12, 10:10:30, 4, 0, \\database\Distrib\sistema\Reports\pagar\cp_SaldoxProveedorDetalleResumen.rpt:Error detected by database DLL.
11/13/12, 10:11:57, 4, 0, :Invalid file handle.
11/13/12, 10:11:59, 4, 0, \\database\Distrib\sistema\Reports\pagar\cp_SaldoxProveedorDetalleResumen.rpt:Error detected by database DLL.
11/13/12, 10:23:55, 4, 0, :Invalid file handle.
11/13/12, 10:24:05, 4, 0, \\database\Distrib\sistema\Reports\pagar\cp_SaldoxProveedorDetalleResumen.rpt:Error detected by database DLL.
11/13/12, 10:24:19, 4, 0, :Invalid file handle.
11/13/12, 10:24:41, 4, 0, \\database\Distrib\sistema\Reports\pagar\cp_SaldoxProveedorDetalleResumen.rpt:Error detected by database DLL.
11/13/12, 10:28:41, 4, 0, :Invalid file handle.
11/13/12, 10:28:44, 4, 0, \\database\Distrib\campos2012\ReportsNet\pagar\cp_SaldoxProveedorDetalleResumen.rpt:Error detected by database DLL.
11/13/12, 10:28:52, 4, 0, :Invalid file handle.
11/13/12, 10:49:03, 4, 0, :Invalid file handle.
11/13/12, 10:54:01, 4, 0, :Invalid file handle.
11/13/12, 10:54:06, 4, 0, \\database\Distrib\campos2012\ReportsNet\pagar\cp_CtaCtexProveedor.rpt:Error detected by database DLL.
11/13/12, 10:57:18, 4, 0, :Invalid file handle.
11/13/12, 10:57:21, 4, 0, \\database\Distrib\campos2012\ReportsNet\pagar\cp_CtaCtexProveedor.rpt:Error detected by database DLL.
11/13/12, 11:08:04, 4, 0, :Invalid file handle.
11/13/12, 11:08:07, 4, 0, \\database\Distrib\campos2012\ReportsNet\pagar\cp_CtaCtexProveedor.rpt:Error detected by database DLL.
11/13/12, 11:08:10, 4, 0, :Invalid file handle.
11/13/12, 11:08:12, 4, 0, \\database\Distrib\campos2012\ReportsNet\pagar\cp_CtaCtexProveedor.rpt:Error detected by database DLL.
11/13/12, 11:08:53, 4, 0, :Invalid file handle.
11/13/12, 11:08:57, 4, 0, \\database\Distrib\campos2012\ReportsNet\pagar\cp_CtaCtexProveedor.rpt:Error detected by database DLL.
11/13/12, 11:09:42, 4, 0, :Invalid file handle.
11/13/12, 11:09:45, 4, 0, \\database\Distrib\campos2012\ReportsNet\pagar\cp_CtaCtexProveedor.rpt:Error detected by database DLL.
11/13/12, 11:13:31, 4, 0, :Invalid file handle.
11/13/12, 11:13:35, 4, 0, \\database\Distrib\campos2012\ReportsNet\pagar\cp_CtaCtexProveedor.rpt:Error detected by database DLL.
11/13/12, 11:14:44, 4, 0, :Invalid file handle.
11/13/12, 11:14:46, 4, 0, \\database\Distrib\campos2012\ReportsNet\pagar\cp_CtaCtexProveedor.rpt:Error detected by database DLL.
11/13/12, 11:15:23, 4, 0, :Invalid file handle.
11/13/12, 11:15:26, 4, 0, \\database\Distrib\campos2012\ReportsNet\pagar\cp_CtaCtexProveedor.rpt:Error detected by database DLL.
11/13/12, 11:15:42, 4, 0, :Invalid file handle.
11/13/12, 11:15:44, 4, 0, \\database\Distrib\campos2012\ReportsNet\pagar\cp_CtaCtexProveedor.rpt:Error detected by database DLL.
11/13/12, 11:15:57, 4, 0, :Invalid file handle.
11/13/12, 11:20:25, 4, 0, :Invalid file handle.
11/13/12, 11:37:46, 4, 0, :Invalid file handle.
11/13/12, 11:37:56, 4, 0, \\database\Distrib\campos2012\ReportsNet\cobrar\cc_SaldoxClienteDetalleResumen.rpt:Error detected by database DLL.
11/13/12, 11:38:52, 4, 0, :Invalid file handle.
11/13/12, 11:49:12, 4, 0, \\database\Distrib\campos2012\ReportsNet\cobrar\cc_SaldoxClienteDetalleResumen.rpt:Error detected by database DLL.
11/13/12, 11:51:31, 4, 0, :Invalid file handle.
11/13/12, 11:52:45, 4, 0, \\database\Distrib\campos2012\ReportsNet\cobrar\cc_SaldoxClienteDetalleResumen.rpt:Error detected by database DLL.
11/13/12, 11:53:27, 4, 0, :Invalid file handle.
11/13/12, 11:53:29, 4, 0, \\database\Distrib\campos2012\ReportsNet\cobrar\cc_SaldoxClienteDetalleResumen.rpt:Error detected by database DLL.
11/13/12, 11:53:32, 4, 0, :Invalid file handle.
11/13/12, 11:53:34, 4, 0, \\database\Distrib\campos2012\ReportsNet\cobrar\cc_SaldoxClienteDetalleResumen.rpt:Error detected by database DLL.
11/13/12, 11:56:07, 4, 0, :Invalid file handle.
11/13/12, 11:56:37, 4, 0, :Invalid file handle.
11/13/12, 12:11:29, 4, 0, :Invalid file handle.
11/13/12, 12:11:59, 4, 0, :Invalid file handle.
11/13/12, 12:12:21, 4, 0, :Invalid file handle.
11/13/12, 12:12:24, 4, 0, \\database\Distrib\campos2012\ReportsNet\cobrar\cc_PlanCobranza.rpt:Error detected by database DLL.
11/13/12, 12:12:30, 4, 0, :Invalid file handle.
11/13/12, 12:12:35, 4, 0, \\database\Distrib\campos2012\ReportsNet\cobrar\cc_PlanCobranza.rpt:Error detected by database DLL.
11/13/12, 12:12:43, 4, 0, :Invalid file handle.
11/13/12, 12:12:47, 4, 0, \\database\Distrib\campos2012\ReportsNet\cobrar\cc_PlanCobranza.rpt:Error detected by database DLL.
11/13/12, 17:51:18, 4, 0, :Invalid file handle.
11/13/12, 17:51:20, 4, 0, :File not found.
11/13/12, 17:51:30, 4, 0, :File not found.
11/13/12, 17:51:49, 4, 0, :Invalid file handle.
11/13/12, 17:51:51, 4, 0, :File not found.
11/13/12, 17:54:26, 4, 0, :File not found.
11/13/12, 17:55:41, 4, 0, :Invalid file handle.
11/16/12, 10:33:34, 4, 0, :Invalid file handle.
11/16/12, 10:33:40, 4, 0, \\database\Distrib\campos2012\ReportsNet\pagar\cp_CtaCtexProveedor.rpt:Error detected by database DLL.
11/16/12, 10:41:05, 4, 0, :Invalid file handle.
11/16/12, 10:52:21, 4, 0, :Invalid file handle.
11/17/12, 12:51:27, 4, 0, :Invalid directory.
11/17/12, 12:51:29, 4, 0, D:\DISTRIB\ziyaz\Reports\cobrar\cc_SaldoxClienteDetalleResumen.rpt:Server has not yet been opened.
11/17/12, 12:52:13, 4, 0, :Invalid directory.
11/17/12, 12:52:13, 4, 0, D:\DISTRIB\ziyaz\Reports\cobrar\cc_SaldoxClienteDetalleResumen.rpt:Server has not yet been opened.
11/21/12, 14:13:36, 4, 0, :Invalid file handle.
11/21/12, 14:50:24, 4, 0, :Invalid file handle.
11/21/12, 14:56:44, 4, 0, :Invalid file handle.
11/22/12, 15:20:38, 4, 0, :Invalid file handle.
11/22/12, 15:20:54, 4, 0, :Invalid file handle.
11/23/12, 11:35:46, 4, 0, :Invalid file handle.
11/23/12, 11:36:09, 4, 0, \\database\Distrib\campos2012\ReportsNet\ventas\vt_factuimpresa_aliterm201201.rpt:Error detected by database DLL.
11/23/12, 12:28:05, 4, 0, :Invalid file handle.
23/11/2012, 01:01:55 p.m., 4, 0, :Invalid file handle.
11/26/12, 16:42:09, 4, 0, :Invalid file handle.
11/26/12, 16:42:40, 4, 0, \\database\Distrib\campos2012\ReportsNet\ventas\vt_factuimpresa_desarrollo01.rpt:Server has not yet been opened.
11/26/12, 16:44:12, 4, 0, :Invalid file handle.
11/26/12, 16:57:28, 4, 0, :Invalid file handle.
11/26/12, 16:57:28, 4, 0, :File not found.
11/26/12, 16:57:28, 4, 0, :File not found.
11/26/12, 16:58:12, 4, 0, :Invalid file handle.
11/26/12, 17:17:01, 4, 0, :Invalid file handle.
11/26/12, 17:18:35, 4, 0, :Invalid file handle.
11/26/12, 17:20:41, 4, 0, :Invalid file handle.
11/26/12, 17:35:04, 4, 0, :Invalid file handle.
11/26/12, 17:40:56, 4, 0, :Invalid file handle.
11/26/12, 17:43:16, 4, 0, :Invalid file handle.
11/26/12, 17:54:56, 4, 0, :Invalid file handle.
11/26/12, 18:11:21, 4, 0, :Invalid file handle.
11/26/12, 20:16:18, 4, 0, \\contabilidad\Distrib\Reports\inventario\inv034.rpt:Server has not yet been opened.
11/26/12, 20:17:20, 4, 0, \\contabilidad\Distrib\Reports\inventario\inv034.rpt:Server has not yet been opened.
11/27/12, 17:28:06, 4, 0, :Invalid file handle.
11/27/12, 17:28:39, 4, 0, \\database\Distrib\campos2012\ReportsNet\ventas\gr_listaproyectos.rpt:Server has not yet been opened.
11/28/12, 13:30:38, 4, 0, :Invalid file handle.
11/28/12, 16:40:14, 4, 0, :Invalid file handle.
11/28/12, 17:37:32, 4, 0, :Invalid file handle.
11/28/12, 17:37:34, 4, 0, \\database\Distrib\campos2012\ReportsNet\ventas\vt_factuimpresa_desarrollo01.rpt:Error detected by database DLL.
11/28/12, 17:49:31, 4, 0, :Invalid file handle.
11/28/12, 18:39:50, 4, 0, :Invalid file handle.
11/30/12, 18:30:34, 4, 0, :Invalid file handle.
11/30/12, 18:30:45, 4, 0, \\database\Distrib\campos2012\reportsNet\Ventas\gr_listaproyectos.rpt:Server has not yet been opened.
11/30/12, 18:32:44, 4, 0, :Invalid file handle.
11/30/12, 18:32:46, 4, 0, \\database\Distrib\campos2012\reportsNet\Ventas\vt_RegVtas.rpt:Server has not yet been opened.
11/30/12, 18:33:13, 4, 0, :Invalid file handle.
11/30/12, 18:34:51, 4, 0, :Invalid file handle.
11/30/12, 18:34:54, 4, 0, \\database\Distrib\campos2012\ReportsNet\compras\rptCORegistroCompras.rpt:Server has not yet been opened.
11/30/12, 18:34:59, 4, 0, :Invalid file handle.
11/30/12, 18:35:01, 4, 0, \\database\Distrib\campos2012\ReportsNet\compras\rptCORegistroCompras.rpt:Server has not yet been opened.
11/30/12, 18:36:12, 4, 0, :Invalid file handle.
11/30/12, 18:36:14, 4, 0, \\database\Distrib\campos2012\ReportsNet\compras\rptCORegistroCompras.rpt:Server has not yet been opened.
11/30/12, 18:37:41, 4, 0, :Invalid file handle.
11/30/12, 18:38:14, 4, 0, :Invalid file handle.
11/30/12, 19:29:17, 4, 0, :Invalid file handle.
11/30/12, 19:29:28, 4, 0, :Invalid file handle.
11/30/12, 19:30:59, 4, 0, :Invalid file handle.
11/30/12, 19:35:27, 4, 0, :Invalid file handle.
11/30/12, 19:35:27, 4, 0, :File not found.
11/30/12, 19:35:27, 4, 0, :File not found.
11/30/12, 19:36:18, 4, 0, :Invalid file handle.
12/03/12, 11:49:33, 4, 0, :Invalid file handle.
12/03/12, 12:17:17, 4, 0, :Invalid file handle.
12/03/12, 12:18:16, 4, 0, :Invalid file handle.
12/03/12, 12:18:34, 4, 0, :Invalid file handle.
12/03/12, 12:18:44, 4, 0, :Invalid file handle.
12/03/12, 12:19:21, 4, 0, :Invalid file handle.
12/03/12, 12:19:21, 4, 0, :File not found.
12/03/12, 12:19:21, 4, 0, :File not found.
12/03/12, 12:19:38, 4, 0, :Invalid file handle.
12/03/12, 12:19:38, 4, 0, :File not found.
12/03/12, 12:19:38, 4, 0, :File not found.
12/03/12, 12:19:49, 4, 0, :Invalid file handle.
12/03/12, 12:19:49, 4, 0, :File not found.
12/03/12, 12:19:49, 4, 0, :File not found.
12/03/12, 12:20:04, 4, 0, :Invalid file handle.
12/03/12, 12:20:07, 4, 0, :File not found.
12/03/12, 12:22:00, 4, 0, :Invalid file handle.
12/03/12, 12:22:11, 4, 0, :Invalid file handle.
12/03/12, 12:22:38, 4, 0, :Invalid file handle.
12/03/12, 12:22:46, 4, 0, :Invalid file handle.
12/03/12, 13:47:08, 4, 0, :Invalid file handle.
12/03/12, 13:48:38, 4, 0, :Invalid file handle.
12/03/12, 13:51:21, 4, 0, :Invalid file handle.
12/03/12, 17:56:16, 4, 0, :Invalid directory.
12/03/12, 17:56:16, 4, 0, :Invalid directory.
12/03/12, 17:56:16, 4, 0, :Invalid directory.
12/03/12, 17:56:30, 4, 0, :Invalid directory.
12/03/12, 17:56:30, 4, 0, :Invalid directory.
12/03/12, 17:56:30, 4, 0, :Invalid directory.
12/03/12, 17:58:56, 4, 0, :Invalid directory.
12/03/12, 17:58:58, 4, 0, :Invalid directory.
12/03/12, 18:02:38, 4, 0, :Invalid directory.
12/03/12, 18:02:46, 4, 0, D:\DISTRIB\reportsNet\Contabilidad\rptRegistroVentas.Rpt:Error detected by database DLL.
12/03/12, 18:03:57, 4, 0, :Invalid directory.
12/03/12, 18:03:58, 4, 0, D:\DISTRIB\reportsNet\Contabilidad\rptRegistroVentas.Rpt:Error detected by database DLL.
12/03/12, 18:05:53, 4, 0, :Invalid directory.
12/03/12, 18:05:54, 4, 0, D:\DISTRIB\reportsNet\Contabilidad\rptRegistroVentas.Rpt:Error detected by database DLL.
12/03/12, 18:07:02, 4, 0, :Invalid directory.
12/03/12, 18:07:03, 4, 0, D:\DISTRIB\reportsNet\Contabilidad\rptRegistroVentas.Rpt:Error detected by database DLL.
12/03/12, 18:09:27, 4, 0, :Invalid directory.
12/03/12, 18:11:30, 4, 0, :Invalid directory.
12/03/12, 18:16:20, 4, 0, :Invalid file handle.
12/03/12, 18:16:22, 4, 0, \\database\Distrib\campos2012\reportsNet\Contabilidad\rptRegistroVentas.Rpt:Error detected by database DLL.
12/03/12, 18:17:43, 4, 0, :Invalid file handle.
12/03/12, 18:17:58, 4, 0, :Invalid file handle.
12/03/12, 18:18:22, 4, 0, :Invalid file handle.
12/03/12, 18:19:09, 4, 0, :Invalid file handle.
12/03/12, 18:20:27, 4, 0, :Invalid file handle.
12/03/12, 18:20:35, 4, 0, :Invalid file handle.
12/03/12, 18:22:07, 4, 0, :Invalid file handle.
12/03/12, 18:22:26, 4, 0, :Invalid file handle.
12/03/12, 18:24:56, 4, 0, :Invalid file handle.
12/03/12, 18:26:11, 4, 0, :Invalid file handle.
12/03/12, 18:26:25, 4, 0, :Invalid file handle.
12/03/12, 18:26:39, 4, 0, :Invalid file handle.
12/03/12, 18:30:43, 4, 0, :Invalid file handle.
12/03/12, 18:31:26, 4, 0, :Invalid file handle.
12/03/12, 18:33:51, 4, 0, :Invalid file handle.
12/07/12, 11:00:47, 4, 0, :Invalid file handle.
12/07/12, 11:29:40, 4, 0, :Invalid file handle.
12/07/12, 12:56:53, 4, 0, :Invalid file handle.
12/07/12, 14:26:46, 4, 0, :Invalid file handle.
12/07/12, 15:19:53, 4, 0, :Invalid file handle.
12/07/12, 15:22:42, 4, 0, :Invalid file handle.
12/07/12, 15:45:49, 4, 0, :Invalid file handle.
12/07/12, 16:31:26, 4, 0, \\database\Distrib\campos2012\ReportsNet\inventario\vt_guiaimpresa_desarrollo01.rpt:Error detected by database DLL.
12/07/12, 19:07:08, 4, 0, :Invalid file handle.
12/27/12, 22:33:39, 4, 0, :Invalid directory.
12/27/12, 22:33:40, 4, 0, d:\Distrib\ReportsNet\CONTABILIDAD\rptLibroDiarioDetallado.rpt:Server has not yet been opened.
01/30/13, 11:34:23, 4, 0, :Access denied.
01/30/13, 11:34:23, 4, 0, :Invalid directory.
01/30/13, 11:34:23, 4, 0, :File not found.
01/30/13, 11:34:23, 4, 0, :File not found.
01/30/13, 11:34:23, 4, 0, :Invalid directory.
01/30/13, 11:34:23, 4, 0, :Invalid directory.
01/30/13, 11:34:25, 4, 0, :Access denied.
01/30/13, 11:34:25, 4, 0, :Invalid directory.
01/30/13, 11:34:25, 4, 0, :File not found.
01/30/13, 11:34:25, 4, 0, :File not found.
01/30/13, 11:34:25, 4, 0, :Invalid directory.
01/30/13, 11:34:25, 4, 0, :Invalid directory.
02/03/13, 07:37:57, 4, 0, :Invalid directory.
02/03/13, 07:37:59, 4, 0, D:\DISTRIB\reportsNet\Contabilidad\rptLibroDiarioDetallado.rpt:Server has not yet been opened.
02/03/13, 07:38:20, 4, 0, :Invalid directory.
02/03/13, 07:38:20, 4, 0, D:\DISTRIB\reportsNet\Contabilidad\rptLibroDiarioDetallado.rpt:Server has not yet been opened.
02/03/13, 07:48:59, 4, 0, :Invalid directory.
02/03/13, 07:48:59, 4, 0, D:\DISTRIB\reportsNet\Contabilidad\rptLibroDiarioDetallado.rpt:Server has not yet been opened.
02/03/13, 07:49:42, 4, 0, :Invalid directory.
02/03/13, 07:51:37, 4, 0, D:\DISTRIB\reportsNet\Contabilidad\rptLibroDiarioDetallado.rpt:Error detected by database DLL.
02/03/13, 07:55:31, 4, 0, :Invalid directory.
02/03/13, 07:55:31, 4, 0, D:\DISTRIB\reportsNet\Contabilidad\rptLibroDiarioDetallado.rpt:Server has not yet been opened.
02/03/13, 08:11:17, 4, 0, :Invalid directory.
02/03/13, 08:11:36, 4, 0, :Invalid directory.
02/03/13, 08:11:52, 4, 0, :Invalid directory.
02/03/13, 08:12:08, 4, 0, :Invalid directory.
02/03/13, 08:12:20, 4, 0, :Invalid directory.
02/03/13, 08:14:35, 4, 0, :Invalid directory.
02/03/13, 08:14:36, 4, 0, D:\DISTRIB\reportsNet\Contabilidad\ct_Libro03_03_06_12_13.rpt:SQL server error.
02/03/13, 08:14:40, 4, 0, :Invalid directory.
02/03/13, 08:14:41, 4, 0, :Invalid directory.
02/03/13, 08:14:41, 4, 0, D:\DISTRIB\reportsNet\Contabilidad\ct_Libro03_03_06_12_13.rpt:SQL server error.
02/03/13, 08:15:01, 4, 0, :Invalid directory.
02/03/13, 08:15:14, 4, 0, :Invalid directory.
02/08/13, 11:17:44, 4, 0, :Invalid file handle.
02/08/13, 11:17:44, 4, 0, :File not found.
02/08/13, 11:17:44, 4, 0, :File not found.
02/08/13, 11:17:46, 4, 0, :Invalid file handle.
02/08/13, 11:17:46, 4, 0, :File not found.
02/08/13, 11:17:46, 4, 0, :File not found.
02/08/13, 11:19:05, 4, 0, :Invalid file handle.
02/08/13, 11:19:06, 4, 0, :File not found.
02/08/13, 11:19:06, 4, 0, :File not found.
02/08/13, 11:19:07, 4, 0, :Invalid file handle.
02/08/13, 11:19:07, 4, 0, :File not found.
02/08/13, 11:19:07, 4, 0, :File not found.
02/08/13, 11:20:11, 4, 0, :Invalid file handle.
02/08/13, 11:20:16, 4, 0, :Invalid file handle.
02/18/13, 16:21:59, 4, 0, :Invalid file handle.
02/19/13, 11:31:34, 4, 0, :Invalid directory.
02/19/13, 11:31:34, 4, 0, :Invalid directory.
02/19/13, 13:03:29, 4, 0, :Invalid directory.
02/19/13, 13:03:29, 4, 0, :Invalid directory.
02/19/13, 13:03:53, 4, 0, :File not found.
02/19/13, 13:03:53, 4, 0, :Invalid directory.
02/19/13, 13:03:53, 4, 0, :Invalid directory.
02/19/13, 13:04:16, 4, 0, :File not found.
02/19/13, 13:04:19, 4, 0, :Invalid directory.
02/19/13, 13:06:21, 4, 0, D:\DISTRIB\reportsNet\inventario\INV078.rpt:Server has not yet been opened.
02/19/13, 13:06:24, 4, 0, :Invalid directory.
02/19/13, 13:06:25, 4, 0, D:\DISTRIB\reportsNet\inventario\INV078.rpt:Server has not yet been opened.
02/19/13, 13:07:10, 4, 0, :Invalid directory.
02/19/13, 13:07:10, 4, 0, D:\DISTRIB\reportsNet\inventario\INV078.rpt:Server has not yet been opened.
02/19/13, 13:09:06, 4, 0, :Invalid directory.
02/19/13, 13:09:06, 4, 0, D:\DISTRIB\reportsNet\inventario\INV078.rpt:Server has not yet been opened.
02/19/13, 13:09:16, 4, 0, :Invalid directory.
02/19/13, 13:09:16, 4, 0, D:\DISTRIB\reportsNet\inventario\INV078.rpt:Server has not yet been opened.
02/19/13, 13:11:03, 4, 0, :Invalid directory.
02/19/13, 13:11:03, 4, 0, D:\DISTRIB\reportsNet\inventario\INV078.rpt:Server has not yet been opened.
02/19/13, 13:12:49, 4, 0, D:\DISTRIB\reportsNet\inventario\inv034.rpt:Server has not yet been opened.
02/19/13, 13:14:36, 4, 0, :Invalid directory.
02/19/13, 13:15:02, 4, 0, :Invalid directory.
02/19/13, 13:17:34, 4, 0, :Invalid directory.
02/19/13, 13:17:55, 4, 0, :Invalid directory.
02/23/13, 15:01:12, 4, 0, :File not found.
02/23/13, 16:32:10, 4, 0, :File not found.
02/23/13, 17:16:14, 4, 0, :File not found.
02/23/13, 17:38:19, 4, 0, :File not found.
02/25/13, 16:30:28, 4, 0, \\database\Distrib\campos2012\ReportsNet\inventario\vt_guiaimpresa_aliterm201201.rpt:Error detected by database DLL.
02/25/13, 16:34:09, 4, 0, \\database\Distrib\campos2012\ReportsNet\inventario\vt_guiaimpresa_aliterm201201.rpt:Error detected by database DLL.
02/26/13, 10:45:42, 4, 0, :Invalid directory.
02/26/13, 10:45:42, 4, 0, :File not found.
02/26/13, 10:45:42, 4, 0, :File not found.
02/26/13, 10:52:04, 4, 0, :Invalid directory.
02/26/13, 10:52:04, 4, 0, :File not found.
02/26/13, 10:52:04, 4, 0, :File not found.
02/26/13, 10:52:24, 4, 0, :Invalid directory.
02/26/13, 10:52:27, 4, 0, :File not found.
02/26/13, 10:54:59, 4, 0, :Invalid directory.
02/26/13, 10:54:59, 4, 0, :File not found.
02/26/13, 10:55:02, 4, 0, :File not found.
02/26/13, 10:55:11, 4, 0, :Invalid directory.
02/26/13, 10:55:11, 4, 0, :File not found.
02/26/13, 10:57:41, 4, 0, :Invalid directory.
02/26/13, 10:58:24, 4, 0, D:\DISTRIB\pyme\reportsNet\cc_SaldoxClienteDetalleResumen.rpt:Server has not yet been opened.
02/26/13, 10:58:52, 4, 0, :Invalid directory.
02/26/13, 11:01:38, 4, 0, :Invalid directory.
02/26/13, 11:07:02, 4, 0, :Invalid directory.
02/26/13, 14:58:57, 4, 0, :Invalid directory.
02/26/13, 14:58:57, 4, 0, :File not found.
02/26/13, 14:58:57, 4, 0, :File not found.
02/26/13, 14:59:50, 4, 0, :Invalid directory.
02/26/13, 14:59:52, 4, 0, :File not found.
02/26/13, 14:59:58, 4, 0, :File not found.
02/26/13, 15:02:50, 4, 0, :Invalid directory.
02/26/13, 15:06:36, 4, 0, :Invalid directory.
02/26/13, 15:07:26, 4, 0, :Invalid directory.
02/26/13, 15:07:58, 4, 0, :Invalid directory.
02/28/13, 03:56:23, 4, 0, D:\DISTRIB\reportsNet\inventario\REPNOTAING.rpt:Server has not yet been opened.
03/01/13, 11:43:27, 4, 0, :File not found.
03/01/13, 11:45:57, 4, 0, :File not found.
03/01/13, 11:58:47, 4, 0, :Invalid directory.
03/01/13, 11:58:49, 4, 0, :File not found.
03/01/13, 12:00:53, 4, 0, :Invalid directory.
03/01/13, 12:01:27, 4, 0, D:\DISTRIB\pyme\reportsNet\RepvtMantCliente.rpt:Error detected by database DLL.
03/01/13, 12:03:58, 4, 0, :Invalid directory.
03/01/13, 12:08:30, 4, 0, D:\DISTRIB\pyme\reportsNet\RepvtMantCliente.rpt:Server has not yet been opened.
03/01/13, 12:17:11, 4, 0, :Invalid directory.
03/01/13, 17:11:15, 4, 0, :Invalid directory.
03/01/13, 17:11:25, 4, 0, :File not found.
03/01/13, 17:11:25, 4, 0, :File not found.
03/01/13, 17:24:42, 4, 0, :Invalid directory.
03/01/13, 17:26:04, 4, 0, :Invalid directory.
03/01/13, 17:26:19, 4, 0, D:\DISTRIB\pyme\reportsNet\al_SaldosxAlmacen.rpt:Server has not yet been opened.
03/01/13, 17:31:18, 4, 0, :Invalid directory.
03/02/13, 10:19:35, 4, 0, :Invalid directory.
03/02/13, 10:20:43, 4, 0, :Invalid directory.
03/02/13, 16:08:55, 4, 0, :Invalid directory.
03/02/13, 16:08:56, 4, 0, :Invalid directory.
03/02/13, 16:09:07, 4, 0, :Invalid directory.
03/02/13, 16:09:40, 4, 0, :Invalid directory.
03/02/13, 16:09:40, 4, 0, :Invalid directory.
03/02/13, 16:16:09, 4, 0, :Invalid directory.
03/02/13, 16:16:09, 4, 0, :File not found.
03/02/13, 16:16:09, 4, 0, :File not found.
03/02/13, 16:19:10, 4, 0, :Invalid directory.
03/02/13, 16:19:10, 4, 0, :File not found.
03/02/13, 16:19:10, 4, 0, :File not found.
03/02/13, 16:19:21, 4, 0, :Invalid directory.
03/02/13, 16:19:21, 4, 0, :File not found.
03/02/13, 16:19:21, 4, 0, :File not found.
03/02/13, 16:22:37, 4, 0, :Invalid directory.
03/02/13, 16:22:37, 4, 0, :File not found.
03/02/13, 16:22:37, 4, 0, :File not found.
03/02/13, 16:23:15, 4, 0, :Invalid directory.
03/02/13, 16:23:18, 4, 0, :File not found.
03/02/13, 16:28:32, 4, 0, :Invalid directory.
03/02/13, 16:28:40, 4, 0, :Invalid directory.
03/02/13, 16:28:45, 4, 0, :Invalid directory.
03/04/13, 14:53:54, 4, 0, :Invalid file handle.
03/04/13, 14:53:56, 4, 0, :File not found.
03/04/13, 14:54:12, 4, 0, :File not found.
03/04/13, 14:55:01, 4, 0, :Invalid file handle.
03/04/13, 14:55:02, 4, 0, :File not found.
03/04/13, 14:55:08, 4, 0, :File not found.
03/04/13, 14:55:27, 4, 0, :Invalid file handle.
03/04/13, 14:55:27, 4, 0, :File not found.
03/04/13, 14:56:35, 4, 0, :File not found.
03/04/13, 14:57:07, 4, 0, :Invalid file handle.
03/04/13, 14:57:21, 4, 0, :File not found.
03/04/13, 14:59:18, 4, 0, :File not found.
03/04/13, 15:00:21, 4, 0, :Invalid file handle.
03/04/13, 15:01:39, 4, 0, :Invalid file handle.
03/04/13, 15:01:39, 4, 0, :File not found.
03/04/13, 15:01:39, 4, 0, :File not found.
03/04/13, 15:05:35, 4, 0, :Invalid file handle.
03/04/13, 15:05:37, 4, 0, :File not found.
03/04/13, 15:05:37, 4, 0, :File not found.
03/04/13, 15:07:36, 4, 0, :Invalid file handle.
03/04/13, 15:07:38, 4, 0, \\database\Distrib\campos2012\ReportsNet\ventas\vt_factuimpresa.rpt:Error detected by database DLL.
03/04/13, 15:11:03, 4, 0, :Invalid file handle.
03/04/13, 15:11:14, 4, 0, :Invalid file handle.
03/04/13, 15:13:36, 4, 0, :Invalid file handle.
03/04/13, 15:18:00, 4, 0, :Invalid file handle.
03/04/13, 15:19:44, 4, 0, :Invalid file handle.
03/04/13, 15:20:03, 4, 0, :Invalid file handle.
03/05/13, 16:27:01, 4, 0, :Invalid file handle.
03/05/13, 16:33:27, 4, 0, :Invalid file handle.
03/05/13, 16:40:15, 4, 0, :Invalid file handle.
03/05/13, 16:45:44, 4, 0, :Invalid file handle.
03/07/13, 10:55:43, 4, 0, :Invalid file handle.
03/07/13, 10:56:19, 4, 0, :Invalid file handle.
03/07/13, 10:57:06, 4, 0, :Invalid file handle.
03/07/13, 10:58:20, 4, 0, :Invalid file handle.
03/07/13, 10:58:27, 4, 0, :Invalid file handle.
03/07/13, 10:59:22, 4, 0, :Invalid file handle.
03/07/13, 10:59:49, 4, 0, :Invalid file handle.
03/07/13, 10:59:58, 4, 0, :Invalid file handle.
03/07/13, 11:00:13, 4, 0, :Invalid file handle.
03/07/13, 11:00:20, 4, 0, :Invalid file handle.
03/07/13, 11:00:31, 4, 0, :Invalid file handle.
03/07/13, 11:00:37, 4, 0, :Invalid file handle.
03/07/13, 11:00:59, 4, 0, :Invalid file handle.
03/07/13, 11:01:05, 4, 0, :Invalid file handle.
03/07/13, 11:01:11, 4, 0, :Invalid file handle.
03/07/13, 11:01:19, 4, 0, :Invalid file handle.
03/07/13, 11:03:55, 4, 0, :Invalid file handle.
03/07/13, 11:04:13, 4, 0, :Invalid file handle.
03/07/13, 11:04:17, 4, 0, :Invalid file handle.
03/07/13, 11:09:56, 4, 0, :Invalid file handle.
03/07/13, 13:57:25, 4, 0, :Invalid file handle.
03/07/13, 13:58:18, 4, 0, :Invalid file handle.
03/07/13, 14:19:55, 4, 0, :Invalid file handle.
03/07/13, 14:19:57, 4, 0, :File not found.
03/07/13, 14:20:08, 4, 0, :File not found.
03/07/13, 14:24:10, 4, 0, :Invalid file handle.
03/07/13, 14:24:11, 4, 0, :File not found.
03/07/13, 14:24:11, 4, 0, :File not found.
03/07/13, 14:24:13, 4, 0, :Invalid file handle.
03/07/13, 14:24:13, 4, 0, :File not found.
03/07/13, 14:24:13, 4, 0, :File not found.
03/07/13, 14:24:28, 4, 0, :Invalid file handle.
03/07/13, 14:24:29, 4, 0, :File not found.
03/07/13, 14:26:37, 4, 0, :Invalid file handle.
03/15/13, 08:42:32, 4, 0, :Invalid directory.
03/15/13, 08:42:34, 4, 0, D:\DISTRIB\pyme\reportsNet\vt_VtasxDocumentos.rpt:Error detected by database DLL.
03/15/13, 08:45:00, 4, 0, :Invalid directory.
03/15/13, 08:51:51, 4, 0, :Invalid directory.
03/18/13, 17:55:19, 4, 0, :Invalid file handle.
